2017-03-27/00:09:28 [DEBUG] controller/controller.go 48 mobile: 13761764141
2017-03-27/00:09:28 [DEBUG] controller/controller.go 49 smstype: 1
2017-03-27/00:09:28 [DEBUG] controller/controller.go 80 uc{8386 0  FillOrder 630985 2017-03-26 23:40:24 +0800 CST 2017-03-26 23:20:24 +0800 CST 13761764141}
2017-03-27/00:09:28 [DEBUG] util/commutil.go 195 http://gw.api.taobao.com/router/rest?app_key=23667852&format=json&method=alibaba.aliqin.fc.sms.num.send&rec_num=13761764141&sign=B813365ED34DE4F684E5434A942B8DC0&sign_method=md5&sms_free_sign_name=%E9%87%91%E5%B1%B1%E6%88%B7%E5%A4%96%E7%BD%91&sms_param=%7B%22code%22%3A%22409158%22%2C%22valid%22%3A%2220%22%7D&sms_template_code=SMS_53735171&sms_type=normal&timestamp=2017-03-27+00%3A09%3A28&v=2.0
2017-03-27/00:09:28 [DEBUG] controller/controller.go 120 suc: trueresp: {"alibaba_aliqin_fc_sms_num_send_response":{"result":{"err_code":"0","model":"106611688620^1108975334902","success":true},"request_id":"uvuta33fq6z"}}err: <nil>
2017-03-27/00:09:47 [DEBUG] controller/orderController.go 34 ma: map[orderForm:map[orderUserForm:map[id:3159 name:胡晓东 mobile:13761764141] lineID:1116 selectPoint:map[ID:16 Name:石化：亭卫南路800号 Orders:1] valCode:409158 selectPersons:[] selectContacts:[map[id:3256 name:胡晓东 mobile:13761764141 idcard:310228198603200615]]]]
2017-03-27/00:09:47 [DEBUG] controller/orderController.go 35 13761764141
2017-03-27/00:09:47 [DEBUG] controller/orderController.go 37 map[lineID:1116 selectPoint:map[ID:16 Name:石化：亭卫南路800号 Orders:1] valCode:409158 selectPersons:[] selectContacts:[map[id:3256 name:胡晓东 mobile:13761764141 idcard:310228198603200615]] orderUserForm:map[id:3159 name:胡晓东 mobile:13761764141]]
2017-03-27/00:09:47 [DEBUG] controller/orderController.go 113 sino: 00420
2017-03-27/00:09:47 [DEBUG] controller/orderController.go 115 2017032700420
2017-03-27/00:09:47 [DEBUG] util/commutil.go 115 ==============================genderStr: 1
2017-03-27/00:09:47 [DEBUG] controller/orderController.go 175 insert val: 1
2017-03-27/00:09:47 [DEBUG] controller/orderController.go 176 after insert{6697 2017032700420  3159 胡晓东 0 0 1 0001-01-01 00:00:00 +0000 UTC 13761764141  0 1 1 2017-03-27 00:09:47.732834448 +0800 CST 1 0001-01-01 00:00:00 +0000 UTC   2017-03-20 00:00:00 +0800 CST 2017-03-25 23:59:00 +0800 CST 16 石化：亭卫南路800号}
2017-03-27/00:16:35 [DEBUG] controller/controller.go 48 mobile: 13761764141
2017-03-27/00:16:35 [DEBUG] controller/controller.go 49 smstype: 1
2017-03-27/00:16:35 [DEBUG] controller/controller.go 80 uc{8387 0  FillOrder 409158 2017-03-27 00:29:28 +0800 CST 2017-03-27 00:09:28 +0800 CST 13761764141}
2017-03-27/00:16:35 [DEBUG] controller/controller.go 83 time: -12.868621890633333
2017-03-27/00:16:35 [DEBUG] controller/controller.go 84 expired: 20
2017-03-27/00:16:57 [DEBUG] controller/orderController.go 34 ma: map[orderForm:map[lineID:1116 selectPoint:map[Name:石化：亭卫南路800号 Orders:1 ID:16] valCode:409158 selectPersons:[] selectContacts:[map[id:3256 name:胡晓东 mobile:13761764141 idcard:310228198603200615]] orderUserForm:map[mobile:13761764141 id:3159 name:胡晓东]]]
2017-03-27/00:16:57 [DEBUG] controller/orderController.go 35 13761764141
2017-03-27/00:16:57 [DEBUG] controller/orderController.go 37 map[selectPersons:[] selectContacts:[map[name:胡晓东 mobile:13761764141 idcard:310228198603200615 id:3256]] orderUserForm:map[id:3159 name:胡晓东 mobile:13761764141] lineID:1116 selectPoint:map[ID:16 Name:石化：亭卫南路800号 Orders:1] valCode:409158]
2017-03-27/00:16:57 [DEBUG] controller/orderController.go 113 sino: 00421
2017-03-27/00:16:57 [DEBUG] controller/orderController.go 115 2017032700421
2017-03-27/00:16:57 [DEBUG] util/commutil.go 115 ==============================genderStr: 1
2017-03-27/00:16:57 [DEBUG] controller/orderController.go 175 insert val: 1
2017-03-27/00:16:57 [DEBUG] controller/orderController.go 176 after insert{6698 2017032700421  3159 胡晓东 0 0 1 0001-01-01 00:00:00 +0000 UTC 13761764141  0 1 1 2017-03-27 00:16:57.079938644 +0800 CST 1 0001-01-01 00:00:00 +0000 UTC   2017-03-20 00:00:00 +0800 CST 2017-03-25 23:59:00 +0800 CST 16 石化：亭卫南路800号}
2017-03-27/00:18:42 [DEBUG] controller/orderController.go 34 ma: map[orderForm:map[selectPoint:map[ID:16 Name:石化：亭卫南路800号 Orders:1] valCode:409158 selectPersons:[] selectContacts:[map[id:3256 name:胡晓东 mobile:13761764141 idcard:310228198603200615]] orderUserForm:map[id:3159 name:胡晓东 mobile:13761764141] lineID:1116]]
2017-03-27/00:18:42 [DEBUG] controller/orderController.go 35 13761764141
2017-03-27/00:18:42 [DEBUG] controller/orderController.go 37 map[lineID:1116 selectPoint:map[ID:16 Name:石化：亭卫南路800号 Orders:1] valCode:409158 selectPersons:[] selectContacts:[map[id:3256 name:胡晓东 mobile:13761764141 idcard:310228198603200615]] orderUserForm:map[id:3159 name:胡晓东 mobile:13761764141]]
2017-03-27/00:18:42 [DEBUG] controller/orderController.go 113 sino: 00422
2017-03-27/00:18:42 [DEBUG] controller/orderController.go 115 2017032700422
2017-03-27/00:18:42 [DEBUG] util/commutil.go 115 ==============================genderStr: 1
2017-03-27/00:18:42 [DEBUG] controller/orderController.go 175 insert val: 1
2017-03-27/00:18:42 [DEBUG] controller/orderController.go 176 after insert{6699 2017032700422  3159 胡晓东 0 0 1 0001-01-01 00:00:00 +0000 UTC 13761764141  0 1 1 2017-03-27 00:18:42.744877401 +0800 CST 1 0001-01-01 00:00:00 +0000 UTC   2017-03-20 00:00:00 +0800 CST 2017-03-25 23:59:00 +0800 CST 16 石化：亭卫南路800号}
