2017-03-17/11:06:13 [DEBUG] controller/controller.go 48 mobile: 13761764141
2017-03-17/11:06:13 [DEBUG] controller/controller.go 49 smstype: 1
2017-03-17/11:06:13 [DEBUG] controller/controller.go 80 uc{7359 0  FillOrder 838396 2017-03-17 00:04:57 +0800 CST 2017-03-16 23:44:57 +0800 CST 13761764141}
2017-03-17/11:06:13 [DEBUG] util/commutil.go 174 http://gw.api.taobao.com/router/rest?app_key=23667852&format=json&method=alibaba.aliqin.fc.sms.num.send&rec_num=13761764141&sign=ABC1924FE3D961AF82BCBD0DE438EA42&sign_method=md5&sms_free_sign_name=%E9%87%91%E5%B1%B1%E6%88%B7%E5%A4%96%E7%BD%91&sms_param=%7B%22code%22%3A%22294115%22%2C%22valid%22%3A%2220%22%7D&sms_template_code=SMS_53735171&sms_type=normal&timestamp=2017-03-17+11%3A06%3A13&v=2.0
2017-03-17/11:06:14 [DEBUG] controller/controller.go 120 suc: trueresp: {"alibaba_aliqin_fc_sms_num_send_response":{"result":{"err_code":"0","model":"106437317868^1108737033466","success":true},"request_id":"z290thw0ipak"}}err: <nil>
2017-03-17/11:16:34 [DEBUG] controller/orderController.go 14 map[]
2017-03-17/11:20:42 [DEBUG] controller/controller.go 48 mobile: 13761764141
2017-03-17/11:20:42 [DEBUG] controller/controller.go 49 smstype: 1
2017-03-17/11:20:42 [DEBUG] controller/controller.go 80 uc{7363 0  FillOrder 294115 2017-03-17 11:26:14 +0800 CST 2017-03-17 11:06:14 +0800 CST 13761764141}
2017-03-17/11:20:42 [DEBUG] controller/controller.go 83 time: -5.531033262716667
2017-03-17/11:20:42 [DEBUG] controller/controller.go 84 expired: 20
2017-03-17/11:20:58 [DEBUG] controller/orderController.go 14 map[]
2017-03-17/11:21:51 [DEBUG] controller/orderController.go 12 
2017-03-17/11:21:51 [DEBUG] controller/orderController.go 15 map[]
2017-03-17/11:22:59 [DEBUG] controller/orderController.go 12 
2017-03-17/11:22:59 [DEBUG] controller/orderController.go 15 map[]
2017-03-17/11:23:47 [DEBUG] controller/orderController.go 12 
2017-03-17/11:23:47 [DEBUG] controller/orderController.go 15 map[]
2017-03-17/11:33:08 [DEBUG] controller/orderController.go 12 []
2017-03-17/11:33:08 [DEBUG] controller/orderController.go 13 
2017-03-17/11:33:08 [DEBUG] controller/orderController.go 16 map[]
2017-03-17/11:34:53 [DEBUG] controller/orderController.go 12 <nil>
2017-03-17/11:34:53 [DEBUG] controller/orderController.go 13 map[orderForm[valCode]:[294115] orderForm[selectContacts][0][id]:[3256] orderForm[selectContacts][0][mobile]:[13761764141] orderForm[orderUserForm][mobile]:[13761764141] orderForm[selectPoint][ID]:[1] orderForm[selectPoint][Name]:[金山：九天银河停车场] orderForm[selectPoint][Orders]:[2] orderForm[selectContacts][0][name]:[胡晓东] orderForm[selectContacts][0][idcard]:[310228198603200615] orderForm[orderUserForm][name]:[胡晓东]]
2017-03-17/11:34:53 [DEBUG] controller/orderController.go 14 map[orderForm[selectContacts][0][idcard]:[310228198603200615] orderForm[selectContacts][0][id]:[3256] orderForm[selectContacts][0][mobile]:[13761764141] orderForm[selectContacts][0][name]:[胡晓东] orderForm[selectPoint][Orders]:[2] orderForm[orderUserForm][name]:[胡晓东] orderForm[orderUserForm][mobile]:[13761764141] orderForm[valCode]:[294115] orderForm[selectPoint][ID]:[1] orderForm[selectPoint][Name]:[金山：九天银河停车场]]
2017-03-17/11:34:53 [DEBUG] controller/orderController.go 15 
2017-03-17/11:34:53 [DEBUG] controller/orderController.go 18 map[]
2017-03-17/11:39:36 [DEBUG] controller/orderController.go 12 <nil>
2017-03-17/11:39:36 [DEBUG] controller/orderController.go 13 map[a:[vv]]
2017-03-17/11:39:36 [DEBUG] controller/orderController.go 14 map[a:[vv]]
2017-03-17/11:39:36 [DEBUG] controller/orderController.go 15 
2017-03-17/11:39:36 [DEBUG] controller/orderController.go 18 map[]
2017-03-17/11:40:07 [DEBUG] controller/orderController.go 12 <nil>
2017-03-17/11:40:07 [DEBUG] controller/orderController.go 13 map[a:[vv] orderForm:[11]]
2017-03-17/11:40:07 [DEBUG] controller/orderController.go 14 map[a:[vv] orderForm:[11]]
2017-03-17/11:40:07 [DEBUG] controller/orderController.go 15 11
2017-03-17/11:40:07 [DEBUG] controller/orderController.go 18 map[]
2017-03-17/11:40:37 [DEBUG] controller/orderController.go 12 <nil>
2017-03-17/11:40:37 [DEBUG] controller/orderController.go 13 map[ee:[11] orderForm:[asf]]
2017-03-17/11:40:37 [DEBUG] controller/orderController.go 14 map[orderForm:[asf] ee:[11]]
2017-03-17/11:40:37 [DEBUG] controller/orderController.go 15 asf
2017-03-17/11:40:37 [DEBUG] controller/orderController.go 18 map[]
2017-03-17/11:43:14 [DEBUG] controller/orderController.go 12 map[orderForm[selectContacts][0][name]:[胡晓东] orderForm[selectContacts][0][mobile]:[13761764141] orderForm[orderUserForm][name]:[胡晓东] orderForm[orderUserForm][mobile]:[13761764141] orderForm[selectPoint][ID]:[1] orderForm[valCode]:[294115] orderForm[selectContacts][0][id]:[3256] orderForm[selectContacts][0][idcard]:[310228198603200615] orderForm[selectPoint][Name]:[金山：九天银河停车场] orderForm[selectPoint][Orders]:[2]]
2017-03-17/12:24:36 [DEBUG] controller/orderController.go 20 []
2017-03-17/12:25:11 [DEBUG] controller/orderController.go 16 map[orderForm[selectPoint][Orders]:[2] orderForm[valCode]:[294115] orderForm[selectContacts][0][id]:[3256] orderForm[selectContacts][0][name]:[胡晓东] orderForm[selectContacts][0][idcard]:[310228198603200615] orderForm[orderUserForm][mobile]:[13761764141] orderForm[lineID]:[1116] orderForm[selectPoint][ID]:[1] orderForm[selectPoint][Name]:[金山：九天银河停车场] orderForm[selectContacts][0][mobile]:[13761764141] orderForm[orderUserForm][name]:[胡晓东]]
2017-03-17/12:25:11 [DEBUG] controller/orderController.go 21 []
2017-03-17/12:33:45 [DEBUG] controller/orderController.go 16 []
2017-03-17/12:34:08 [DEBUG] controller/orderController.go 12 map[orderForm[lineID]:[1116] orderForm[selectPoint][Name]:[金山：九天银河停车场] orderForm[selectContacts][0][id]:[3256] orderForm[selectContacts][0][mobile]:[13761764141] orderForm[selectContacts][0][idcard]:[310228198603200615] orderForm[orderUserForm][name]:[胡晓东] orderForm[orderUserForm][mobile]:[13761764141] orderForm[selectPoint][ID]:[1] orderForm[selectPoint][Orders]:[2] orderForm[valCode]:[294115] orderForm[selectContacts][0][name]:[胡晓东]]
2017-03-17/12:34:08 [DEBUG] controller/orderController.go 17 []
2017-03-17/12:34:53 [DEBUG] controller/orderController.go 13 map[orderForm[selectPoint][ID]:[1] orderForm[valCode]:[294115] orderForm[selectContacts][0][name]:[胡晓东] orderForm[selectContacts][0][mobile]:[13761764141] orderForm[selectContacts][0][idcard]:[310228198603200615] orderForm[orderUserForm][name]:[胡晓东] orderForm[lineID]:[1116] orderForm[selectPoint][Orders]:[2] orderForm[selectContacts][0][id]:[3256] orderForm[orderUserForm][mobile]:[13761764141] orderForm[selectPoint][Name]:[金山：九天银河停车场]]
2017-03-17/12:34:53 [DEBUG] controller/orderController.go 15 []string
2017-03-17/12:34:53 [DEBUG] controller/orderController.go 19 []
2017-03-17/12:36:53 [DEBUG] controller/orderController.go 13 map[orderForm[lineID]:[1116] orderForm[selectPoint][ID]:[1] orderForm[selectPoint][Name]:[金山：九天银河停车场] orderForm[selectContacts][0][name]:[胡晓东] orderForm[selectContacts][0][idcard]:[310228198603200615] orderForm[orderUserForm][name]:[胡晓东] orderForm[orderUserForm][mobile]:[13761764141] orderForm[selectPoint][Orders]:[2] orderForm[valCode]:[294115] orderForm[selectContacts][0][id]:[3256] orderForm[selectContacts][0][mobile]:[13761764141]]
2017-03-17/12:36:53 [DEBUG] controller/orderController.go 15 []string
2017-03-17/12:36:53 [DEBUG] controller/orderController.go 19 []
2017-03-17/12:37:00 [DEBUG] controller/orderController.go 13 map[orderForm[selectContacts][0][mobile]:[13761764141] orderForm[orderUserForm][mobile]:[13761764141] orderForm[selectPoint][Name]:[金山：九天银河停车场] orderForm[selectContacts][0][id]:[3256] orderForm[selectContacts][0][name]:[胡晓东] orderForm[valCode]:[294115] orderForm[selectContacts][0][idcard]:[310228198603200615] orderForm[orderUserForm][name]:[胡晓东] orderForm[lineID]:[1116] orderForm[selectPoint][ID]:[1] orderForm[selectPoint][Orders]:[2]]
2017-03-17/12:37:00 [DEBUG] controller/orderController.go 15 orderForm[selectContacts][0][idcard][310228198603200615]
2017-03-17/12:37:00 [DEBUG] controller/orderController.go 15 orderForm[orderUserForm][name][胡晓东]
2017-03-17/12:37:00 [DEBUG] controller/orderController.go 15 orderForm[lineID][1116]
2017-03-17/12:37:00 [DEBUG] controller/orderController.go 15 orderForm[selectPoint][ID][1]
2017-03-17/12:37:00 [DEBUG] controller/orderController.go 15 orderForm[selectPoint][Orders][2]
2017-03-17/12:37:00 [DEBUG] controller/orderController.go 15 orderForm[valCode][294115]
2017-03-17/12:37:00 [DEBUG] controller/orderController.go 15 orderForm[orderUserForm][mobile][13761764141]
2017-03-17/12:37:00 [DEBUG] controller/orderController.go 15 orderForm[selectPoint][Name][金山：九天银河停车场]
2017-03-17/12:37:00 [DEBUG] controller/orderController.go 15 orderForm[selectContacts][0][id][3256]
2017-03-17/12:37:00 [DEBUG] controller/orderController.go 15 orderForm[selectContacts][0][name][胡晓东]
2017-03-17/12:37:00 [DEBUG] controller/orderController.go 15 orderForm[selectContacts][0][mobile][13761764141]
2017-03-17/12:37:00 [DEBUG] controller/orderController.go 18 []string
2017-03-17/12:37:00 [DEBUG] controller/orderController.go 22 []
2017-03-17/12:39:43 [DEBUG] controller/orderController.go 12 []
2017-03-17/12:39:43 [DEBUG] controller/orderController.go 13 map[sessionName:ginsession sessionStore:0xc4200322c8]
2017-03-17/12:39:43 [DEBUG] controller/orderController.go 15 map[orderForm[lineID]:[1116] orderForm[selectPoint][Name]:[金山：九天银河停车场] orderForm[selectContacts][0][id]:[3256] orderForm[selectContacts][0][name]:[胡晓东] orderForm[orderUserForm][name]:[胡晓东] orderForm[orderUserForm][mobile]:[13761764141] orderForm[selectPoint][ID]:[1] orderForm[selectPoint][Orders]:[2] orderForm[valCode]:[294115] orderForm[selectContacts][0][mobile]:[13761764141] orderForm[selectContacts][0][idcard]:[310228198603200615]]
2017-03-17/12:39:43 [DEBUG] controller/orderController.go 17 orderForm[lineID][1116]
2017-03-17/12:39:43 [DEBUG] controller/orderController.go 17 orderForm[selectPoint][Name][金山：九天银河停车场]
2017-03-17/12:39:43 [DEBUG] controller/orderController.go 17 orderForm[selectContacts][0][id][3256]
2017-03-17/12:39:43 [DEBUG] controller/orderController.go 17 orderForm[selectContacts][0][name][胡晓东]
2017-03-17/12:39:43 [DEBUG] controller/orderController.go 17 orderForm[selectPoint][ID][1]
2017-03-17/12:39:43 [DEBUG] controller/orderController.go 17 orderForm[selectPoint][Orders][2]
2017-03-17/12:39:43 [DEBUG] controller/orderController.go 17 orderForm[valCode][294115]
2017-03-17/12:39:43 [DEBUG] controller/orderController.go 17 orderForm[selectContacts][0][mobile][13761764141]
2017-03-17/12:39:43 [DEBUG] controller/orderController.go 17 orderForm[selectContacts][0][idcard][310228198603200615]
2017-03-17/12:39:43 [DEBUG] controller/orderController.go 17 orderForm[orderUserForm][name][胡晓东]
2017-03-17/12:39:43 [DEBUG] controller/orderController.go 17 orderForm[orderUserForm][mobile][13761764141]
2017-03-17/12:39:43 [DEBUG] controller/orderController.go 20 []string
2017-03-17/12:39:43 [DEBUG] controller/orderController.go 24 []
2017-03-17/12:45:27 [DEBUG] controller/orderController.go 12 []
2017-03-17/12:45:27 [DEBUG] controller/orderController.go 13 map[sessionName:ginsession sessionStore:0xc4200322c8]
2017-03-17/12:45:27 [DEBUG] controller/orderController.go 15 map[orderForm[selectContacts][0][name]:[胡晓东] orderForm[selectContacts][0][idcard]:[310228198603200615] orderForm[orderUserForm][name]:[胡晓东] orderForm[selectPoint][Name]:[金山：九天银河停车场] orderForm[selectPoint][ID]:[1] orderForm[selectPoint][Orders]:[2] orderForm[valCode]:[294115] orderForm[selectContacts][0][id]:[3256] orderForm[selectContacts][0][mobile]:[13761764141] orderForm[orderUserForm][mobile]:[13761764141] orderForm[lineID]:[1116]]
2017-03-17/12:45:27 [DEBUG] controller/orderController.go 17 orderForm[orderUserForm][mobile][13761764141]
2017-03-17/12:45:27 [DEBUG] controller/orderController.go 17 orderForm[lineID][1116]
2017-03-17/12:45:27 [DEBUG] controller/orderController.go 17 orderForm[selectPoint][ID][1]
2017-03-17/12:45:27 [DEBUG] controller/orderController.go 17 orderForm[selectPoint][Orders][2]
2017-03-17/12:45:27 [DEBUG] controller/orderController.go 17 orderForm[valCode][294115]
2017-03-17/12:45:27 [DEBUG] controller/orderController.go 17 orderForm[selectContacts][0][id][3256]
2017-03-17/12:45:27 [DEBUG] controller/orderController.go 17 orderForm[selectContacts][0][mobile][13761764141]
2017-03-17/12:45:27 [DEBUG] controller/orderController.go 17 orderForm[selectPoint][Name][金山：九天银河停车场]
2017-03-17/12:45:27 [DEBUG] controller/orderController.go 17 orderForm[selectContacts][0][name][胡晓东]
2017-03-17/12:45:27 [DEBUG] controller/orderController.go 17 orderForm[selectContacts][0][idcard][310228198603200615]
2017-03-17/12:45:27 [DEBUG] controller/orderController.go 17 orderForm[orderUserForm][name][胡晓东]
2017-03-17/12:45:27 [DEBUG] controller/orderController.go 20 []string
2017-03-17/12:45:27 [DEBUG] controller/orderController.go 24 []
2017-03-17/12:47:02 [DEBUG] controller/orderController.go 12 []
2017-03-17/12:47:02 [DEBUG] controller/orderController.go 13 map[sessionName:ginsession sessionStore:0xc4200322c8]
2017-03-17/12:47:02 [DEBUG] controller/orderController.go 15 map[orderForm[selectContacts][0][name]:[胡晓东] orderForm[selectContacts][0][idcard]:[310228198603200615] orderForm[orderUserForm][mobile]:[13761764141] orderForm[selectPoint][ID]:[1] orderForm[selectPoint][Name]:[金山：九天银河停车场] orderForm[valCode]:[294115] orderForm[selectContacts][0][mobile]:[13761764141] orderForm[orderUserForm][name]:[胡晓东] orderForm[lineID]:[1116] orderForm[selectPoint][Orders]:[2] orderForm[selectContacts][0][id]:[3256]]
2017-03-17/12:47:02 [DEBUG] controller/orderController.go 17 orderForm[selectPoint][ID][1]
2017-03-17/12:47:02 [DEBUG] controller/orderController.go 17 orderForm[selectPoint][Name][金山：九天银河停车场]
2017-03-17/12:47:02 [DEBUG] controller/orderController.go 17 orderForm[valCode][294115]
2017-03-17/12:47:02 [DEBUG] controller/orderController.go 17 orderForm[selectContacts][0][name][胡晓东]
2017-03-17/12:47:02 [DEBUG] controller/orderController.go 17 orderForm[selectContacts][0][idcard][310228198603200615]
2017-03-17/12:47:02 [DEBUG] controller/orderController.go 17 orderForm[orderUserForm][mobile][13761764141]
2017-03-17/12:47:02 [DEBUG] controller/orderController.go 17 orderForm[lineID][1116]
2017-03-17/12:47:02 [DEBUG] controller/orderController.go 17 orderForm[selectPoint][Orders][2]
2017-03-17/12:47:02 [DEBUG] controller/orderController.go 17 orderForm[selectContacts][0][id][3256]
2017-03-17/12:47:02 [DEBUG] controller/orderController.go 17 orderForm[selectContacts][0][mobile][13761764141]
2017-03-17/12:47:02 [DEBUG] controller/orderController.go 17 orderForm[orderUserForm][name][胡晓东]
2017-03-17/12:47:02 [DEBUG] controller/orderController.go 20 []string
2017-03-17/12:47:02 [DEBUG] controller/orderController.go 24 []
2017-03-17/12:48:17 [DEBUG] controller/orderController.go 12 []
2017-03-17/12:48:17 [DEBUG] controller/orderController.go 13 map[sessionName:ginsession sessionStore:0xc4200322d0]
2017-03-17/12:48:17 [DEBUG] controller/orderController.go 15 map[orderForm[lineID]:[1116] orderForm[selectPoint][ID]:[1] orderForm[selectPoint][Name]:[金山：九天银河停车场] orderForm[selectPoint][Orders]:[2] orderForm[selectContacts][0][name]:[胡晓东] orderForm[orderUserForm][name]:[胡晓东] orderForm[orderUserForm][mobile]:[13761764141] orderForm[valCode]:[294115] orderForm[selectContacts][0][id]:[3256] orderForm[selectContacts][0][mobile]:[13761764141] orderForm[selectContacts][0][idcard]:[310228198603200615]]
2017-03-17/12:48:17 [DEBUG] controller/orderController.go 17 orderForm[orderUserForm][name][胡晓东]
2017-03-17/12:48:17 [DEBUG] controller/orderController.go 17 orderForm[orderUserForm][mobile][13761764141]
2017-03-17/12:48:17 [DEBUG] controller/orderController.go 17 orderForm[lineID][1116]
2017-03-17/12:48:17 [DEBUG] controller/orderController.go 17 orderForm[selectPoint][ID][1]
2017-03-17/12:48:17 [DEBUG] controller/orderController.go 17 orderForm[selectPoint][Name][金山：九天银河停车场]
2017-03-17/12:48:17 [DEBUG] controller/orderController.go 17 orderForm[selectPoint][Orders][2]
2017-03-17/12:48:17 [DEBUG] controller/orderController.go 17 orderForm[selectContacts][0][name][胡晓东]
2017-03-17/12:48:17 [DEBUG] controller/orderController.go 17 orderForm[valCode][294115]
2017-03-17/12:48:17 [DEBUG] controller/orderController.go 17 orderForm[selectContacts][0][id][3256]
2017-03-17/12:48:17 [DEBUG] controller/orderController.go 17 orderForm[selectContacts][0][mobile][13761764141]
2017-03-17/12:48:17 [DEBUG] controller/orderController.go 17 orderForm[selectContacts][0][idcard][310228198603200615]
2017-03-17/12:48:17 [DEBUG] controller/orderController.go 20 []string
2017-03-17/12:48:17 [DEBUG] controller/orderController.go 24 []
2017-03-17/12:50:07 [DEBUG] controller/orderController.go 12 []
2017-03-17/12:50:07 [DEBUG] controller/orderController.go 13 map[sessionName:ginsession sessionStore:0xc42008e2c0]
2017-03-17/12:50:07 [DEBUG] controller/orderController.go 15 map[orderForm[selectContacts][0][idcard]:[310228198603200615] orderForm[orderUserForm][name]:[胡晓东] orderForm[orderUserForm][mobile]:[13761764141] orderForm[valCode]:[294115] orderForm[selectContacts][0][id]:[3256] orderForm[selectContacts][0][name]:[胡晓东] orderForm[selectPoint][Orders]:[2] orderForm[selectContacts][0][mobile]:[13761764141] orderForm[lineID]:[1116] orderForm[selectPoint][ID]:[1] orderForm[selectPoint][Name]:[金山：九天银河停车场]]
2017-03-17/12:50:07 [DEBUG] controller/orderController.go 17 orderForm[lineID][1116]
2017-03-17/12:50:07 [DEBUG] controller/orderController.go 17 orderForm[selectPoint][ID][1]
2017-03-17/12:50:07 [DEBUG] controller/orderController.go 17 orderForm[selectPoint][Name][金山：九天银河停车场]
2017-03-17/12:50:07 [DEBUG] controller/orderController.go 17 orderForm[selectPoint][Orders][2]
2017-03-17/12:50:07 [DEBUG] controller/orderController.go 17 orderForm[selectContacts][0][mobile][13761764141]
2017-03-17/12:50:07 [DEBUG] controller/orderController.go 17 orderForm[valCode][294115]
2017-03-17/12:50:07 [DEBUG] controller/orderController.go 17 orderForm[selectContacts][0][id][3256]
2017-03-17/12:50:07 [DEBUG] controller/orderController.go 17 orderForm[selectContacts][0][name][胡晓东]
2017-03-17/12:50:07 [DEBUG] controller/orderController.go 17 orderForm[selectContacts][0][idcard][310228198603200615]
2017-03-17/12:50:07 [DEBUG] controller/orderController.go 17 orderForm[orderUserForm][name][胡晓东]
2017-03-17/12:50:07 [DEBUG] controller/orderController.go 17 orderForm[orderUserForm][mobile][13761764141]
2017-03-17/12:50:07 [DEBUG] controller/orderController.go 20 []string
2017-03-17/12:50:07 [DEBUG] controller/orderController.go 21 []
2017-03-17/12:51:00 [DEBUG] controller/orderController.go 12 []
2017-03-17/12:51:00 [DEBUG] controller/orderController.go 13 map[sessionName:ginsession sessionStore:0xc4200322d0]
2017-03-17/12:51:00 [DEBUG] controller/orderController.go 15 map[orderForm[selectContacts][0][mobile]:[13761764141] orderForm[selectContacts][0][idcard]:[310228198603200615] orderForm[orderUserForm][mobile]:[13761764141] orderForm[selectPoint][Name]:[金山：九天银河停车场] orderForm[selectPoint][Orders]:[2] orderForm[selectContacts][0][id]:[3256] orderForm[selectContacts][0][name]:[胡晓东] orderForm[lineID]:[1116] orderForm[selectPoint][ID]:[1] orderForm[valCode]:[294115] orderForm[orderUserForm][name]:[胡晓东]]
2017-03-17/12:51:00 [DEBUG] controller/orderController.go 17 orderForm[orderUserForm][name][胡晓东]
2017-03-17/12:51:00 [DEBUG] controller/orderController.go 17 orderForm[lineID][1116]
2017-03-17/12:51:00 [DEBUG] controller/orderController.go 17 orderForm[selectPoint][ID][1]
2017-03-17/12:51:00 [DEBUG] controller/orderController.go 17 orderForm[valCode][294115]
2017-03-17/12:51:00 [DEBUG] controller/orderController.go 17 orderForm[selectContacts][0][name][胡晓东]
2017-03-17/12:51:00 [DEBUG] controller/orderController.go 17 orderForm[selectContacts][0][mobile][13761764141]
2017-03-17/12:51:00 [DEBUG] controller/orderController.go 17 orderForm[selectContacts][0][idcard][310228198603200615]
2017-03-17/12:51:00 [DEBUG] controller/orderController.go 17 orderForm[orderUserForm][mobile][13761764141]
2017-03-17/12:51:00 [DEBUG] controller/orderController.go 17 orderForm[selectPoint][Name][金山：九天银河停车场]
2017-03-17/12:51:00 [DEBUG] controller/orderController.go 17 orderForm[selectPoint][Orders][2]
2017-03-17/12:51:00 [DEBUG] controller/orderController.go 17 orderForm[selectContacts][0][id][3256]
2017-03-17/12:51:00 [DEBUG] controller/orderController.go 20 string
2017-03-17/12:51:00 [DEBUG] controller/orderController.go 21 
2017-03-17/12:52:19 [DEBUG] controller/orderController.go 12 []
2017-03-17/12:52:19 [DEBUG] controller/orderController.go 13 map[sessionName:ginsession sessionStore:0xc4200322d0]
2017-03-17/12:52:19 [DEBUG] controller/orderController.go 15 map[orderForm[lineID]:[1116] orderForm[selectPoint][Name]:[金山：九天银河停车场] orderForm[selectContacts][0][id]:[3256] orderForm[selectContacts][0][mobile]:[13761764141] orderForm[orderUserForm][name]:[胡晓东] orderForm[orderUserForm][mobile]:[13761764141] orderForm[selectPoint][ID]:[1] orderForm[selectPoint][Orders]:[2] orderForm[valCode]:[294115] orderForm[selectContacts][0][name]:[胡晓东] orderForm[selectContacts][0][idcard]:[310228198603200615]]
2017-03-17/12:52:19 [DEBUG] controller/orderController.go 17 orderForm[lineID][1116]
2017-03-17/12:52:19 [DEBUG] controller/orderController.go 17 orderForm[selectPoint][Name][金山：九天银河停车场]
2017-03-17/12:52:19 [DEBUG] controller/orderController.go 17 orderForm[selectContacts][0][id][3256]
2017-03-17/12:52:19 [DEBUG] controller/orderController.go 17 orderForm[selectContacts][0][mobile][13761764141]
2017-03-17/12:52:19 [DEBUG] controller/orderController.go 17 orderForm[orderUserForm][name][胡晓东]
2017-03-17/12:52:19 [DEBUG] controller/orderController.go 17 orderForm[selectPoint][ID][1]
2017-03-17/12:52:19 [DEBUG] controller/orderController.go 17 orderForm[selectPoint][Orders][2]
2017-03-17/12:52:19 [DEBUG] controller/orderController.go 17 orderForm[valCode][294115]
2017-03-17/12:52:19 [DEBUG] controller/orderController.go 17 orderForm[selectContacts][0][name][胡晓东]
2017-03-17/12:52:19 [DEBUG] controller/orderController.go 17 orderForm[selectContacts][0][idcard][310228198603200615]
2017-03-17/12:52:19 [DEBUG] controller/orderController.go 17 orderForm[orderUserForm][mobile][13761764141]
2017-03-17/12:52:19 [DEBUG] controller/orderController.go 20 string
2017-03-17/12:52:19 [DEBUG] controller/orderController.go 21 
2017-03-17/12:52:25 [DEBUG] controller/orderController.go 13 url.Values
2017-03-17/12:52:25 [DEBUG] controller/orderController.go 14 map[orderForm[selectContacts][0][name]:[胡晓东] orderForm[selectContacts][0][mobile]:[13761764141] orderForm[lineID]:[1116] orderForm[selectPoint][Orders]:[2] orderForm[valCode]:[294115] orderForm[selectContacts][0][idcard]:[310228198603200615] orderForm[orderUserForm][name]:[胡晓东] orderForm[orderUserForm][mobile]:[13761764141] orderForm[selectPoint][ID]:[1] orderForm[selectPoint][Name]:[金山：九天银河停车场] orderForm[selectContacts][0][id]:[3256]]
2017-03-17/12:52:25 [DEBUG] controller/orderController.go 16 orderForm[orderUserForm][name][胡晓东]
2017-03-17/12:52:25 [DEBUG] controller/orderController.go 16 orderForm[orderUserForm][mobile][13761764141]
2017-03-17/12:52:25 [DEBUG] controller/orderController.go 16 orderForm[selectPoint][ID][1]
2017-03-17/12:52:25 [DEBUG] controller/orderController.go 16 orderForm[selectPoint][Name][金山：九天银河停车场]
2017-03-17/12:52:25 [DEBUG] controller/orderController.go 16 orderForm[selectContacts][0][id][3256]
2017-03-17/12:52:25 [DEBUG] controller/orderController.go 16 orderForm[selectContacts][0][idcard][310228198603200615]
2017-03-17/12:52:25 [DEBUG] controller/orderController.go 16 orderForm[selectContacts][0][mobile][13761764141]
2017-03-17/12:52:25 [DEBUG] controller/orderController.go 16 orderForm[lineID][1116]
2017-03-17/12:52:25 [DEBUG] controller/orderController.go 16 orderForm[selectPoint][Orders][2]
2017-03-17/12:52:25 [DEBUG] controller/orderController.go 16 orderForm[valCode][294115]
2017-03-17/12:52:25 [DEBUG] controller/orderController.go 16 orderForm[selectContacts][0][name][胡晓东]
2017-03-17/12:52:25 [DEBUG] controller/orderController.go 19 string
2017-03-17/12:52:25 [DEBUG] controller/orderController.go 20 
2017-03-17/12:53:49 [DEBUG] controller/orderController.go 13 url.Values
2017-03-17/12:53:49 [DEBUG] controller/orderController.go 14 map[orderForm[selectContacts][0][idcard]:[310228198603200615] orderForm[valCode]:[294115] orderForm[selectContacts][0][name]:[胡晓东] orderForm[selectContacts][0][mobile]:[13761764141] orderForm[selectPoint][Orders]:[2] orderForm[selectContacts][0][id]:[3256] orderForm[orderUserForm][name]:[胡晓东] orderForm[orderUserForm][mobile]:[13761764141] orderForm[lineID]:[1116] orderForm[selectPoint][ID]:[1] orderForm[selectPoint][Name]:[金山：九天银河停车场]]
2017-03-17/12:53:49 [DEBUG] controller/orderController.go 16 orderForm[selectContacts][0][mobile][13761764141]
2017-03-17/12:53:49 [DEBUG] controller/orderController.go 16 orderForm[selectContacts][0][idcard][310228198603200615]
2017-03-17/12:53:49 [DEBUG] controller/orderController.go 16 orderForm[valCode][294115]
2017-03-17/12:53:49 [DEBUG] controller/orderController.go 16 orderForm[selectContacts][0][name][胡晓东]
2017-03-17/12:53:49 [DEBUG] controller/orderController.go 16 orderForm[selectPoint][Name][金山：九天银河停车场]
2017-03-17/12:53:49 [DEBUG] controller/orderController.go 16 orderForm[selectPoint][Orders][2]
2017-03-17/12:53:49 [DEBUG] controller/orderController.go 16 orderForm[selectContacts][0][id][3256]
2017-03-17/12:53:49 [DEBUG] controller/orderController.go 16 orderForm[orderUserForm][name][胡晓东]
2017-03-17/12:53:49 [DEBUG] controller/orderController.go 16 orderForm[orderUserForm][mobile][13761764141]
2017-03-17/12:53:49 [DEBUG] controller/orderController.go 16 orderForm[lineID][1116]
2017-03-17/12:53:49 [DEBUG] controller/orderController.go 16 orderForm[selectPoint][ID][1]
2017-03-17/12:53:49 [DEBUG] controller/orderController.go 19 string
2017-03-17/12:53:49 [DEBUG] controller/orderController.go 20 
2017-03-17/12:54:16 [DEBUG] controller/orderController.go 13 url.Values
2017-03-17/12:54:16 [DEBUG] controller/orderController.go 14 map[orderForm[selectPoint][Name]:[金山：九天银河停车场] orderForm[selectPoint][Orders]:[2] orderForm[valCode]:[294115] orderForm[selectContacts][0][name]:[胡晓东] orderForm[selectContacts][0][idcard]:[310228198603200615] orderForm[orderUserForm][mobile]:[13761764141] orderForm[lineID]:[1116] orderForm[selectPoint][ID]:[1] orderForm[selectContacts][0][id]:[3256] orderForm[selectContacts][0][mobile]:[13761764141] orderForm[orderUserForm][name]:[胡晓东]]
2017-03-17/12:54:16 [DEBUG] controller/orderController.go 16 orderForm[orderUserForm][mobile][13761764141]
2017-03-17/12:54:16 [DEBUG] controller/orderController.go 16 orderForm[selectPoint][Name][金山：九天银河停车场]
2017-03-17/12:54:16 [DEBUG] controller/orderController.go 16 orderForm[selectPoint][Orders][2]
2017-03-17/12:54:16 [DEBUG] controller/orderController.go 16 orderForm[valCode][294115]
2017-03-17/12:54:16 [DEBUG] controller/orderController.go 16 orderForm[selectContacts][0][name][胡晓东]
2017-03-17/12:54:16 [DEBUG] controller/orderController.go 16 orderForm[selectContacts][0][idcard][310228198603200615]
2017-03-17/12:54:16 [DEBUG] controller/orderController.go 16 orderForm[lineID][1116]
2017-03-17/12:54:16 [DEBUG] controller/orderController.go 16 orderForm[selectPoint][ID][1]
2017-03-17/12:54:16 [DEBUG] controller/orderController.go 16 orderForm[selectContacts][0][id][3256]
2017-03-17/12:54:16 [DEBUG] controller/orderController.go 16 orderForm[selectContacts][0][mobile][13761764141]
2017-03-17/12:54:16 [DEBUG] controller/orderController.go 16 orderForm[orderUserForm][name][胡晓东]
2017-03-17/12:54:16 [DEBUG] controller/orderController.go 19 []string
2017-03-17/12:54:16 [DEBUG] controller/orderController.go 20 []
2017-03-17/12:57:57 [DEBUG] controller/orderController.go 13 string
2017-03-17/12:57:57 [DEBUG] controller/orderController.go 14 
2017-03-17/12:58:28 [DEBUG] controller/orderController.go 13 url.Values
2017-03-17/12:58:28 [DEBUG] controller/orderController.go 14 map[orderForm[orderUserForm][mobile]:[13761764141] orderForm[lineID]:[1116] orderForm[selectPoint][ID]:[1] orderForm[selectPoint][Orders]:[2] orderForm[valCode]:[294115] orderForm[selectContacts][0][id]:[3256] orderForm[selectPoint][Name]:[金山：九天银河停车场] orderForm[selectContacts][0][name]:[胡晓东] orderForm[selectContacts][0][mobile]:[13761764141] orderForm[selectContacts][0][idcard]:[310228198603200615] orderForm[orderUserForm][name]:[胡晓东]]
2017-03-17/12:58:28 [DEBUG] controller/orderController.go 16 orderForm[lineID][1116]
2017-03-17/12:58:28 [DEBUG] controller/orderController.go 16 orderForm[selectPoint][ID][1]
2017-03-17/12:58:28 [DEBUG] controller/orderController.go 16 orderForm[selectPoint][Orders][2]
2017-03-17/12:58:28 [DEBUG] controller/orderController.go 16 orderForm[valCode][294115]
2017-03-17/12:58:28 [DEBUG] controller/orderController.go 16 orderForm[selectContacts][0][id][3256]
2017-03-17/12:58:28 [DEBUG] controller/orderController.go 16 orderForm[orderUserForm][mobile][13761764141]
2017-03-17/12:58:28 [DEBUG] controller/orderController.go 16 orderForm[selectPoint][Name][金山：九天银河停车场]
2017-03-17/12:58:28 [DEBUG] controller/orderController.go 16 orderForm[selectContacts][0][name][胡晓东]
2017-03-17/12:58:28 [DEBUG] controller/orderController.go 16 orderForm[selectContacts][0][mobile][13761764141]
2017-03-17/12:58:28 [DEBUG] controller/orderController.go 16 orderForm[selectContacts][0][idcard][310228198603200615]
2017-03-17/12:58:28 [DEBUG] controller/orderController.go 16 orderForm[orderUserForm][name][胡晓东]
2017-03-17/12:58:28 [DEBUG] controller/orderController.go 19 []string
2017-03-17/12:58:28 [DEBUG] controller/orderController.go 20 []
2017-03-17/12:59:04 [DEBUG] controller/orderController.go 13 url.Values
2017-03-17/12:59:04 [DEBUG] controller/orderController.go 14 map[orderForm[lineID]:[1116] orderForm[selectPoint][Name]:[金山：九天银河停车场] orderForm[selectContacts][0][id]:[3256] orderForm[selectContacts][0][name]:[胡晓东] orderForm[selectPoint][ID]:[1] orderForm[selectPoint][Orders]:[2] orderForm[valCode]:[294115] orderForm[selectContacts][0][mobile]:[13761764141] orderForm[selectContacts][0][idcard]:[310228198603200615] orderForm[orderUserForm][name]:[胡晓东] orderForm[orderUserForm][mobile]:[13761764141]]
2017-03-17/12:59:04 [DEBUG] controller/orderController.go 16 orderForm[selectPoint][ID][1]
2017-03-17/12:59:04 [DEBUG] controller/orderController.go 16 orderForm[selectPoint][Orders][2]
2017-03-17/12:59:04 [DEBUG] controller/orderController.go 16 orderForm[valCode][294115]
2017-03-17/12:59:04 [DEBUG] controller/orderController.go 16 orderForm[selectContacts][0][mobile][13761764141]
2017-03-17/12:59:04 [DEBUG] controller/orderController.go 16 orderForm[selectContacts][0][idcard][310228198603200615]
2017-03-17/12:59:04 [DEBUG] controller/orderController.go 16 orderForm[orderUserForm][name][胡晓东]
2017-03-17/12:59:04 [DEBUG] controller/orderController.go 16 orderForm[orderUserForm][mobile][13761764141]
2017-03-17/12:59:04 [DEBUG] controller/orderController.go 16 orderForm[lineID][1116]
2017-03-17/12:59:04 [DEBUG] controller/orderController.go 16 orderForm[selectPoint][Name][金山：九天银河停车场]
2017-03-17/12:59:04 [DEBUG] controller/orderController.go 16 orderForm[selectContacts][0][id][3256]
2017-03-17/12:59:04 [DEBUG] controller/orderController.go 16 orderForm[selectContacts][0][name][胡晓东]
2017-03-17/12:59:04 [DEBUG] controller/orderController.go 19 string
2017-03-17/12:59:04 [DEBUG] controller/orderController.go 20 
2017-03-17/13:09:38 [DEBUG] controller/orderController.go 11 
2017-03-17/13:09:38 [DEBUG] controller/orderController.go 14 url.Values
2017-03-17/13:09:38 [DEBUG] controller/orderController.go 15 map[orderForm[selectPoint][Orders]:[2] orderForm[valCode]:[294115] orderForm[selectContacts][0][id]:[3256] orderForm[selectContacts][0][name]:[胡晓东] orderForm[lineID]:[1116] orderForm[selectPoint][ID]:[1] orderForm[selectPoint][Name]:[金山：九天银河停车场] orderForm[selectContacts][0][mobile]:[13761764141] orderForm[selectContacts][0][idcard]:[310228198603200615] orderForm[orderUserForm][name]:[胡晓东] orderForm[orderUserForm][mobile]:[13761764141]]
2017-03-17/13:09:38 [DEBUG] controller/orderController.go 17 orderForm[selectContacts][0][idcard][310228198603200615]
2017-03-17/13:09:38 [DEBUG] controller/orderController.go 17 orderForm[orderUserForm][name][胡晓东]
2017-03-17/13:09:38 [DEBUG] controller/orderController.go 17 orderForm[orderUserForm][mobile][13761764141]
2017-03-17/13:09:38 [DEBUG] controller/orderController.go 17 orderForm[lineID][1116]
2017-03-17/13:09:38 [DEBUG] controller/orderController.go 17 orderForm[selectPoint][ID][1]
2017-03-17/13:09:38 [DEBUG] controller/orderController.go 17 orderForm[selectPoint][Name][金山：九天银河停车场]
2017-03-17/13:09:38 [DEBUG] controller/orderController.go 17 orderForm[selectContacts][0][mobile][13761764141]
2017-03-17/13:09:38 [DEBUG] controller/orderController.go 17 orderForm[selectPoint][Orders][2]
2017-03-17/13:09:38 [DEBUG] controller/orderController.go 17 orderForm[valCode][294115]
2017-03-17/13:09:38 [DEBUG] controller/orderController.go 17 orderForm[selectContacts][0][id][3256]
2017-03-17/13:09:38 [DEBUG] controller/orderController.go 17 orderForm[selectContacts][0][name][胡晓东]
2017-03-17/13:09:38 [DEBUG] controller/orderController.go 20 string
2017-03-17/13:09:38 [DEBUG] controller/orderController.go 21 
2017-03-17/13:10:21 [DEBUG] controller/orderController.go 11 
2017-03-17/13:10:21 [DEBUG] controller/orderController.go 14 url.Values
2017-03-17/13:10:21 [DEBUG] controller/orderController.go 15 map[orderForm[selectPoint][ID]:[1] orderForm[selectPoint][Name]:[金山：九天银河停车场] orderForm[selectPoint][Orders]:[2] orderForm[selectContacts][0][mobile]:[13761764141] orderForm[selectContacts][0][idcard]:[310228198603200615] orderForm[orderUserForm][mobile]:[13761764141] orderForm[lineID]:[1116] orderForm[selectContacts][0][id]:[3256] orderForm[selectContacts][0][name]:[胡晓东] orderForm[orderUserForm][name]:[胡晓东] orderForm[valCode]:[294115]]
2017-03-17/13:10:21 [DEBUG] controller/orderController.go 17 []string
2017-03-17/13:10:21 [DEBUG] controller/orderController.go 18 [1]
2017-03-17/13:10:21 [DEBUG] controller/orderController.go 17 []string
2017-03-17/13:10:21 [DEBUG] controller/orderController.go 18 [金山：九天银河停车场]
2017-03-17/13:10:21 [DEBUG] controller/orderController.go 17 []string
2017-03-17/13:10:21 [DEBUG] controller/orderController.go 18 [2]
2017-03-17/13:10:21 [DEBUG] controller/orderController.go 17 []string
2017-03-17/13:10:21 [DEBUG] controller/orderController.go 18 [13761764141]
2017-03-17/13:10:21 [DEBUG] controller/orderController.go 17 []string
2017-03-17/13:10:21 [DEBUG] controller/orderController.go 18 [310228198603200615]
2017-03-17/13:10:21 [DEBUG] controller/orderController.go 17 []string
2017-03-17/13:10:21 [DEBUG] controller/orderController.go 18 [13761764141]
2017-03-17/13:10:21 [DEBUG] controller/orderController.go 17 []string
2017-03-17/13:10:21 [DEBUG] controller/orderController.go 18 [1116]
2017-03-17/13:10:21 [DEBUG] controller/orderController.go 17 []string
2017-03-17/13:10:21 [DEBUG] controller/orderController.go 18 [3256]
2017-03-17/13:10:21 [DEBUG] controller/orderController.go 17 []string
2017-03-17/13:10:21 [DEBUG] controller/orderController.go 18 [胡晓东]
2017-03-17/13:10:21 [DEBUG] controller/orderController.go 17 []string
2017-03-17/13:10:21 [DEBUG] controller/orderController.go 18 [胡晓东]
2017-03-17/13:10:21 [DEBUG] controller/orderController.go 17 []string
2017-03-17/13:10:21 [DEBUG] controller/orderController.go 18 [294115]
2017-03-17/13:10:21 [DEBUG] controller/orderController.go 21 string
2017-03-17/13:10:21 [DEBUG] controller/orderController.go 22 
2017-03-17/13:11:03 [DEBUG] controller/orderController.go 11 
2017-03-17/13:11:03 [DEBUG] controller/orderController.go 14 url.Values
2017-03-17/13:11:03 [DEBUG] controller/orderController.go 15 map[orderForm[selectPoint][ID]:[1] orderForm[selectPoint][Name]:[金山：九天银河停车场] orderForm[valCode]:[294115] orderForm[selectContacts][0][id]:[3256] orderForm[selectContacts][0][name]:[胡晓东] orderForm[selectContacts][0][mobile]:[13761764141] orderForm[selectContacts][0][idcard]:[310228198603200615] orderForm[lineID]:[1116] orderForm[orderUserForm][mobile]:[13761764141] orderForm[orderUserForm][name]:[胡晓东] orderForm[selectPoint][Orders]:[2]]
2017-03-17/13:11:03 [DEBUG] controller/orderController.go 17 []string
2017-03-17/13:11:03 [DEBUG] controller/orderController.go 18 orderForm[selectPoint][Name]
2017-03-17/13:11:03 [DEBUG] controller/orderController.go 19 [金山：九天银河停车场]
2017-03-17/13:11:03 [DEBUG] controller/orderController.go 17 []string
2017-03-17/13:11:03 [DEBUG] controller/orderController.go 18 orderForm[valCode]
2017-03-17/13:11:03 [DEBUG] controller/orderController.go 19 [294115]
2017-03-17/13:11:03 [DEBUG] controller/orderController.go 17 []string
2017-03-17/13:11:03 [DEBUG] controller/orderController.go 18 orderForm[selectContacts][0][id]
2017-03-17/13:11:03 [DEBUG] controller/orderController.go 19 [3256]
2017-03-17/13:11:03 [DEBUG] controller/orderController.go 17 []string
2017-03-17/13:11:03 [DEBUG] controller/orderController.go 18 orderForm[selectContacts][0][name]
2017-03-17/13:11:03 [DEBUG] controller/orderController.go 19 [胡晓东]
2017-03-17/13:11:03 [DEBUG] controller/orderController.go 17 []string
2017-03-17/13:11:03 [DEBUG] controller/orderController.go 18 orderForm[selectContacts][0][mobile]
2017-03-17/13:11:03 [DEBUG] controller/orderController.go 19 [13761764141]
2017-03-17/13:11:03 [DEBUG] controller/orderController.go 17 []string
2017-03-17/13:11:03 [DEBUG] controller/orderController.go 18 orderForm[selectContacts][0][idcard]
2017-03-17/13:11:03 [DEBUG] controller/orderController.go 19 [310228198603200615]
2017-03-17/13:11:03 [DEBUG] controller/orderController.go 17 []string
2017-03-17/13:11:03 [DEBUG] controller/orderController.go 18 orderForm[lineID]
2017-03-17/13:11:03 [DEBUG] controller/orderController.go 19 [1116]
2017-03-17/13:11:03 [DEBUG] controller/orderController.go 17 []string
2017-03-17/13:11:03 [DEBUG] controller/orderController.go 18 orderForm[selectPoint][ID]
2017-03-17/13:11:03 [DEBUG] controller/orderController.go 19 [1]
2017-03-17/13:11:03 [DEBUG] controller/orderController.go 17 []string
2017-03-17/13:11:03 [DEBUG] controller/orderController.go 18 orderForm[orderUserForm][name]
2017-03-17/13:11:03 [DEBUG] controller/orderController.go 19 [胡晓东]
2017-03-17/13:11:03 [DEBUG] controller/orderController.go 17 []string
2017-03-17/13:11:03 [DEBUG] controller/orderController.go 18 orderForm[orderUserForm][mobile]
2017-03-17/13:11:03 [DEBUG] controller/orderController.go 19 [13761764141]
2017-03-17/13:11:03 [DEBUG] controller/orderController.go 17 []string
2017-03-17/13:11:03 [DEBUG] controller/orderController.go 18 orderForm[selectPoint][Orders]
2017-03-17/13:11:03 [DEBUG] controller/orderController.go 19 [2]
2017-03-17/13:11:03 [DEBUG] controller/orderController.go 22 string
2017-03-17/13:11:03 [DEBUG] controller/orderController.go 23 
2017-03-17/13:12:16 [DEBUG] controller/orderController.go 11 
2017-03-17/13:12:16 [DEBUG] controller/orderController.go 14 url.Values
2017-03-17/13:12:16 [DEBUG] controller/orderController.go 15 map[orderForm[selectPoint][Name]:[金山：九天银河停车场] orderForm[selectPoint][Orders]:[2] orderForm[selectContacts][0][name]:[胡晓东] orderForm[orderUserForm][mobile]:[13761764141] orderForm[lineID]:[1116] orderForm[selectPoint][ID]:[1] orderForm[valCode]:[294115] orderForm[selectContacts][0][id]:[3256] orderForm[selectContacts][0][mobile]:[13761764141] orderForm[selectContacts][0][idcard]:[310228198603200615] orderForm[orderUserForm][name]:[胡晓东]]
2017-03-17/13:12:16 [DEBUG] controller/orderController.go 17 []string
2017-03-17/13:12:16 [DEBUG] controller/orderController.go 18 orderForm[selectContacts][0][mobile]
2017-03-17/13:12:16 [DEBUG] controller/orderController.go 19 [13761764141]
2017-03-17/13:12:16 [DEBUG] controller/orderController.go 17 []string
2017-03-17/13:12:16 [DEBUG] controller/orderController.go 18 orderForm[selectContacts][0][idcard]
2017-03-17/13:12:16 [DEBUG] controller/orderController.go 19 [310228198603200615]
2017-03-17/13:12:16 [DEBUG] controller/orderController.go 17 []string
2017-03-17/13:12:16 [DEBUG] controller/orderController.go 18 orderForm[orderUserForm][name]
2017-03-17/13:12:16 [DEBUG] controller/orderController.go 19 [胡晓东]
2017-03-17/13:12:16 [DEBUG] controller/orderController.go 17 []string
2017-03-17/13:12:16 [DEBUG] controller/orderController.go 18 orderForm[orderUserForm][mobile]
2017-03-17/13:12:16 [DEBUG] controller/orderController.go 19 [13761764141]
2017-03-17/13:12:16 [DEBUG] controller/orderController.go 17 []string
2017-03-17/13:12:16 [DEBUG] controller/orderController.go 18 orderForm[lineID]
2017-03-17/13:12:16 [DEBUG] controller/orderController.go 19 [1116]
2017-03-17/13:12:16 [DEBUG] controller/orderController.go 17 []string
2017-03-17/13:12:16 [DEBUG] controller/orderController.go 18 orderForm[selectPoint][ID]
2017-03-17/13:12:16 [DEBUG] controller/orderController.go 19 [1]
2017-03-17/13:12:16 [DEBUG] controller/orderController.go 17 []string
2017-03-17/13:12:16 [DEBUG] controller/orderController.go 18 orderForm[valCode]
2017-03-17/13:12:16 [DEBUG] controller/orderController.go 19 [294115]
2017-03-17/13:12:16 [DEBUG] controller/orderController.go 17 []string
2017-03-17/13:12:16 [DEBUG] controller/orderController.go 18 orderForm[selectContacts][0][id]
2017-03-17/13:12:16 [DEBUG] controller/orderController.go 19 [3256]
2017-03-17/13:12:16 [DEBUG] controller/orderController.go 17 []string
2017-03-17/13:12:16 [DEBUG] controller/orderController.go 18 orderForm[selectPoint][Name]
2017-03-17/13:12:16 [DEBUG] controller/orderController.go 19 [金山：九天银河停车场]
2017-03-17/13:12:16 [DEBUG] controller/orderController.go 17 []string
2017-03-17/13:12:16 [DEBUG] controller/orderController.go 18 orderForm[selectPoint][Orders]
2017-03-17/13:12:16 [DEBUG] controller/orderController.go 19 [2]
2017-03-17/13:12:16 [DEBUG] controller/orderController.go 17 []string
2017-03-17/13:12:16 [DEBUG] controller/orderController.go 18 orderForm[selectContacts][0][name]
2017-03-17/13:12:16 [DEBUG] controller/orderController.go 19 [胡晓东]
2017-03-17/13:12:16 [DEBUG] controller/orderController.go 22 string
2017-03-17/13:12:16 [DEBUG] controller/orderController.go 23 金山：九天银河停车场
2017-03-17/13:16:16 [DEBUG] controller/orderController.go 11 map[sessionName:ginsession sessionStore:0xc4200322c8]
2017-03-17/13:16:16 [DEBUG] controller/orderController.go 12 []
2017-03-17/13:16:16 [DEBUG] controller/orderController.go 13 
2017-03-17/13:16:16 [DEBUG] controller/orderController.go 16 url.Values
2017-03-17/13:16:16 [DEBUG] controller/orderController.go 17 map[orderForm[orderUserForm][mobile]:[13761764141] orderForm[selectPoint][Name]:[金山：九天银河停车场] orderForm[selectPoint][Orders]:[2] orderForm[valCode]:[294115] orderForm[selectContacts][0][id]:[3256] orderForm[selectContacts][0][name]:[胡晓东] orderForm[selectContacts][0][idcard]:[310228198603200615] orderForm[orderUserForm][name]:[胡晓东] orderForm[lineID]:[1116] orderForm[selectPoint][ID]:[1] orderForm[selectContacts][0][mobile]:[13761764141]]
2017-03-17/13:16:16 [DEBUG] controller/orderController.go 19 []string
2017-03-17/13:16:16 [DEBUG] controller/orderController.go 20 orderForm[selectContacts][0][idcard]
2017-03-17/13:16:16 [DEBUG] controller/orderController.go 21 [310228198603200615]
2017-03-17/13:16:16 [DEBUG] controller/orderController.go 19 []string
2017-03-17/13:16:16 [DEBUG] controller/orderController.go 20 orderForm[orderUserForm][name]
2017-03-17/13:16:16 [DEBUG] controller/orderController.go 21 [胡晓东]
2017-03-17/13:16:16 [DEBUG] controller/orderController.go 19 []string
2017-03-17/13:16:16 [DEBUG] controller/orderController.go 20 orderForm[orderUserForm][mobile]
2017-03-17/13:16:16 [DEBUG] controller/orderController.go 21 [13761764141]
2017-03-17/13:16:16 [DEBUG] controller/orderController.go 19 []string
2017-03-17/13:16:16 [DEBUG] controller/orderController.go 20 orderForm[selectPoint][Name]
2017-03-17/13:16:16 [DEBUG] controller/orderController.go 21 [金山：九天银河停车场]
2017-03-17/13:16:16 [DEBUG] controller/orderController.go 19 []string
2017-03-17/13:16:16 [DEBUG] controller/orderController.go 20 orderForm[selectPoint][Orders]
2017-03-17/13:16:16 [DEBUG] controller/orderController.go 21 [2]
2017-03-17/13:16:16 [DEBUG] controller/orderController.go 19 []string
2017-03-17/13:16:16 [DEBUG] controller/orderController.go 20 orderForm[valCode]
2017-03-17/13:16:16 [DEBUG] controller/orderController.go 21 [294115]
2017-03-17/13:16:16 [DEBUG] controller/orderController.go 19 []string
2017-03-17/13:16:16 [DEBUG] controller/orderController.go 20 orderForm[selectContacts][0][id]
2017-03-17/13:16:16 [DEBUG] controller/orderController.go 21 [3256]
2017-03-17/13:16:16 [DEBUG] controller/orderController.go 19 []string
2017-03-17/13:16:16 [DEBUG] controller/orderController.go 20 orderForm[selectContacts][0][name]
2017-03-17/13:16:16 [DEBUG] controller/orderController.go 21 [胡晓东]
2017-03-17/13:16:16 [DEBUG] controller/orderController.go 19 []string
2017-03-17/13:16:16 [DEBUG] controller/orderController.go 20 orderForm[lineID]
2017-03-17/13:16:16 [DEBUG] controller/orderController.go 21 [1116]
2017-03-17/13:16:16 [DEBUG] controller/orderController.go 19 []string
2017-03-17/13:16:16 [DEBUG] controller/orderController.go 20 orderForm[selectPoint][ID]
2017-03-17/13:16:16 [DEBUG] controller/orderController.go 21 [1]
2017-03-17/13:16:16 [DEBUG] controller/orderController.go 19 []string
2017-03-17/13:16:16 [DEBUG] controller/orderController.go 20 orderForm[selectContacts][0][mobile]
2017-03-17/13:16:16 [DEBUG] controller/orderController.go 21 [13761764141]
2017-03-17/13:16:16 [DEBUG] controller/orderController.go 24 string
2017-03-17/13:16:16 [DEBUG] controller/orderController.go 25 金山：九天银河停车场
2017-03-17/13:16:47 [DEBUG] controller/orderController.go 11 map[sessionName:ginsession sessionStore:0xc4200322c8]
2017-03-17/13:16:47 [DEBUG] controller/orderController.go 12 []
2017-03-17/13:16:47 [DEBUG] controller/orderController.go 13 金山：九天银河停车场
2017-03-17/13:16:47 [DEBUG] controller/orderController.go 16 url.Values
2017-03-17/13:16:47 [DEBUG] controller/orderController.go 17 map[orderForm[selectPoint][Name]:[金山：九天银河停车场] orderForm[selectPoint][Orders]:[2] orderForm[selectContacts][0][name]:[胡晓东] orderForm[selectPoint][ID]:[1] orderForm[valCode]:[294115] orderForm[selectContacts][0][id]:[3256] orderForm[selectContacts][0][mobile]:[13761764141] orderForm[selectContacts][0][idcard]:[310228198603200615] orderForm[orderUserForm][name]:[胡晓东] orderForm[orderUserForm][mobile]:[13761764141] orderForm[lineID]:[1116]]
2017-03-17/13:16:47 [DEBUG] controller/orderController.go 19 []string
2017-03-17/13:16:47 [DEBUG] controller/orderController.go 20 orderForm[lineID]
2017-03-17/13:16:47 [DEBUG] controller/orderController.go 21 [1116]
2017-03-17/13:16:47 [DEBUG] controller/orderController.go 19 []string
2017-03-17/13:16:47 [DEBUG] controller/orderController.go 20 orderForm[valCode]
2017-03-17/13:16:47 [DEBUG] controller/orderController.go 21 [294115]
2017-03-17/13:16:47 [DEBUG] controller/orderController.go 19 []string
2017-03-17/13:16:47 [DEBUG] controller/orderController.go 20 orderForm[selectContacts][0][id]
2017-03-17/13:16:47 [DEBUG] controller/orderController.go 21 [3256]
2017-03-17/13:16:47 [DEBUG] controller/orderController.go 19 []string
2017-03-17/13:16:47 [DEBUG] controller/orderController.go 20 orderForm[selectContacts][0][mobile]
2017-03-17/13:16:47 [DEBUG] controller/orderController.go 21 [13761764141]
2017-03-17/13:16:47 [DEBUG] controller/orderController.go 19 []string
2017-03-17/13:16:47 [DEBUG] controller/orderController.go 20 orderForm[selectContacts][0][idcard]
2017-03-17/13:16:47 [DEBUG] controller/orderController.go 21 [310228198603200615]
2017-03-17/13:16:47 [DEBUG] controller/orderController.go 19 []string
2017-03-17/13:16:47 [DEBUG] controller/orderController.go 20 orderForm[orderUserForm][name]
2017-03-17/13:16:47 [DEBUG] controller/orderController.go 21 [胡晓东]
2017-03-17/13:16:47 [DEBUG] controller/orderController.go 19 []string
2017-03-17/13:16:47 [DEBUG] controller/orderController.go 20 orderForm[orderUserForm][mobile]
2017-03-17/13:16:47 [DEBUG] controller/orderController.go 21 [13761764141]
2017-03-17/13:16:47 [DEBUG] controller/orderController.go 19 []string
2017-03-17/13:16:47 [DEBUG] controller/orderController.go 20 orderForm[selectPoint][ID]
2017-03-17/13:16:47 [DEBUG] controller/orderController.go 21 [1]
2017-03-17/13:16:47 [DEBUG] controller/orderController.go 19 []string
2017-03-17/13:16:47 [DEBUG] controller/orderController.go 20 orderForm[selectPoint][Name]
2017-03-17/13:16:47 [DEBUG] controller/orderController.go 21 [金山：九天银河停车场]
2017-03-17/13:16:47 [DEBUG] controller/orderController.go 19 []string
2017-03-17/13:16:47 [DEBUG] controller/orderController.go 20 orderForm[selectPoint][Orders]
2017-03-17/13:16:47 [DEBUG] controller/orderController.go 21 [2]
2017-03-17/13:16:47 [DEBUG] controller/orderController.go 19 []string
2017-03-17/13:16:47 [DEBUG] controller/orderController.go 20 orderForm[selectContacts][0][name]
2017-03-17/13:16:47 [DEBUG] controller/orderController.go 21 [胡晓东]
2017-03-17/13:16:47 [DEBUG] controller/orderController.go 24 string
2017-03-17/13:16:47 [DEBUG] controller/orderController.go 25 金山：九天银河停车场
2017-03-17/13:24:36 [DEBUG] controller/orderController.go 11 map[sessionName:ginsession sessionStore:0xc4200322d0]
2017-03-17/13:24:36 [DEBUG] controller/orderController.go 12 []
2017-03-17/13:24:36 [DEBUG] controller/orderController.go 13 
2017-03-17/13:24:36 [DEBUG] controller/orderController.go 16 url.Values
2017-03-17/13:24:36 [DEBUG] controller/orderController.go 17 map[ee:[11] orderForm:[asf]]
2017-03-17/13:24:36 [DEBUG] controller/orderController.go 19 []string
2017-03-17/13:24:36 [DEBUG] controller/orderController.go 20 orderForm
2017-03-17/13:24:36 [DEBUG] controller/orderController.go 21 [asf]
2017-03-17/13:24:36 [DEBUG] controller/orderController.go 19 []string
2017-03-17/13:24:36 [DEBUG] controller/orderController.go 20 ee
2017-03-17/13:24:36 [DEBUG] controller/orderController.go 21 [11]
2017-03-17/13:24:36 [DEBUG] controller/orderController.go 24 string
2017-03-17/13:24:36 [DEBUG] controller/orderController.go 25 
2017-03-17/13:25:16 [DEBUG] controller/orderController.go 11 map[sessionName:ginsession sessionStore:0xc4200322d0]
2017-03-17/13:25:16 [DEBUG] controller/orderController.go 12 []
2017-03-17/13:25:16 [DEBUG] controller/orderController.go 13 
2017-03-17/13:25:16 [DEBUG] controller/orderController.go 16 url.Values
2017-03-17/13:25:16 [DEBUG] controller/orderController.go 17 map[[{
   "importAction": "UPDATE",
   "id":"16137167",
   "campaignId": "14096401",
   "adGroupId": "14096441",
   "bidAmount":{"currency":"USD","amount":"1"}
}]
:[]]
2017-03-17/13:25:16 [DEBUG] controller/orderController.go 19 []string
2017-03-17/13:25:16 [DEBUG] controller/orderController.go 20 [{
   "importAction": "UPDATE",
   "id":"16137167",
   "campaignId": "14096401",
   "adGroupId": "14096441",
   "bidAmount":{"currency":"USD","amount":"1"}
}]

2017-03-17/13:25:16 [DEBUG] controller/orderController.go 21 []
2017-03-17/13:25:16 [DEBUG] controller/orderController.go 24 string
2017-03-17/13:25:16 [DEBUG] controller/orderController.go 25 
2017-03-17/13:25:37 [DEBUG] controller/orderController.go 11 map[sessionName:ginsession sessionStore:0xc4200322d0]
2017-03-17/13:25:37 [DEBUG] controller/orderController.go 12 []
2017-03-17/13:25:37 [DEBUG] controller/orderController.go 13 
2017-03-17/13:25:37 [DEBUG] controller/orderController.go 16 url.Values
2017-03-17/13:25:37 [DEBUG] controller/orderController.go 17 map[[{
   "importAction": "UPDATE",
   "id":"16137167",
   "campaignId": "14096401",
   "adGroupId": "14096441",
   "bidAmount":{"currency":"USD","amount":"1"}
}]
:[]]
2017-03-17/13:25:37 [DEBUG] controller/orderController.go 19 []string
2017-03-17/13:25:37 [DEBUG] controller/orderController.go 20 [{
   "importAction": "UPDATE",
   "id":"16137167",
   "campaignId": "14096401",
   "adGroupId": "14096441",
   "bidAmount":{"currency":"USD","amount":"1"}
}]

2017-03-17/13:25:37 [DEBUG] controller/orderController.go 21 []
2017-03-17/13:25:37 [DEBUG] controller/orderController.go 24 string
2017-03-17/13:25:37 [DEBUG] controller/orderController.go 25 
2017-03-17/13:27:23 [DEBUG] controller/orderController.go 11 map[sessionName:ginsession sessionStore:0xc4200322d0]
2017-03-17/13:27:23 [DEBUG] controller/orderController.go 12 []
2017-03-17/13:27:23 [DEBUG] controller/orderController.go 13 
2017-03-17/13:27:23 [DEBUG] controller/orderController.go 16 url.Values
2017-03-17/13:27:23 [DEBUG] controller/orderController.go 17 map[]
2017-03-17/13:27:23 [DEBUG] controller/orderController.go 24 string
2017-03-17/13:27:23 [DEBUG] controller/orderController.go 25 
2017-03-17/13:27:32 [DEBUG] controller/orderController.go 11 map[sessionName:ginsession sessionStore:0xc4200322d0]
2017-03-17/13:27:32 [DEBUG] controller/orderController.go 12 []
2017-03-17/13:27:32 [DEBUG] controller/orderController.go 13 
2017-03-17/13:27:32 [DEBUG] controller/orderController.go 16 url.Values
2017-03-17/13:27:32 [DEBUG] controller/orderController.go 17 map[]
2017-03-17/13:27:32 [DEBUG] controller/orderController.go 24 string
2017-03-17/13:27:32 [DEBUG] controller/orderController.go 25 
2017-03-17/13:28:21 [DEBUG] controller/orderController.go 11 map[sessionStore:0xc4200322d0 sessionName:ginsession]
2017-03-17/13:28:21 [DEBUG] controller/orderController.go 12 []
2017-03-17/13:28:21 [DEBUG] controller/orderController.go 13 
2017-03-17/13:28:21 [DEBUG] controller/orderController.go 16 url.Values
2017-03-17/13:28:21 [DEBUG] controller/orderController.go 17 map[param1:[aaa] param2:[bbb] param3:[ccc]]
2017-03-17/13:28:21 [DEBUG] controller/orderController.go 19 []string
2017-03-17/13:28:21 [DEBUG] controller/orderController.go 20 param1
2017-03-17/13:28:21 [DEBUG] controller/orderController.go 21 [aaa]
2017-03-17/13:28:21 [DEBUG] controller/orderController.go 19 []string
2017-03-17/13:28:21 [DEBUG] controller/orderController.go 20 param2
2017-03-17/13:28:21 [DEBUG] controller/orderController.go 21 [bbb]
2017-03-17/13:28:21 [DEBUG] controller/orderController.go 19 []string
2017-03-17/13:28:21 [DEBUG] controller/orderController.go 20 param3
2017-03-17/13:28:21 [DEBUG] controller/orderController.go 21 [ccc]
2017-03-17/13:28:21 [DEBUG] controller/orderController.go 24 string
2017-03-17/13:28:21 [DEBUG] controller/orderController.go 25 
2017-03-17/21:02:02 [DEBUG] controller/orderController.go 11 req body : &{0xc4203bf880 <nil> <nil> false true {0 0} true false false <nil>}
2017-03-17/21:02:02 [DEBUG] controller/orderController.go 12 map[sessionName:ginsession sessionStore:0xc4200322d0]
2017-03-17/21:02:02 [DEBUG] controller/orderController.go 13 []
2017-03-17/21:02:02 [DEBUG] controller/orderController.go 14 
2017-03-17/21:02:02 [DEBUG] controller/orderController.go 17 url.Values
2017-03-17/21:02:02 [DEBUG] controller/orderController.go 18 map[param1:[aaa] param2:[bbb] param3:[ccc]]
2017-03-17/21:02:02 [DEBUG] controller/orderController.go 20 []string
2017-03-17/21:02:02 [DEBUG] controller/orderController.go 21 param1
2017-03-17/21:02:02 [DEBUG] controller/orderController.go 22 [aaa]
2017-03-17/21:02:02 [DEBUG] controller/orderController.go 20 []string
2017-03-17/21:02:02 [DEBUG] controller/orderController.go 21 param2
2017-03-17/21:02:02 [DEBUG] controller/orderController.go 22 [bbb]
2017-03-17/21:02:02 [DEBUG] controller/orderController.go 20 []string
2017-03-17/21:02:02 [DEBUG] controller/orderController.go 21 param3
2017-03-17/21:02:02 [DEBUG] controller/orderController.go 22 [ccc]
2017-03-17/21:02:02 [DEBUG] controller/orderController.go 25 string
2017-03-17/21:02:02 [DEBUG] controller/orderController.go 26 
2017-03-17/21:04:46 [DEBUG] controller/orderController.go 12 req body : &{0xc42046b2e0 <nil> <nil> false true {0 0} true false false <nil>}
2017-03-17/21:04:46 [DEBUG] controller/orderController.go 18 body string: param1=aaa&param2=bbb&param3=ccc
2017-03-17/21:04:46 [DEBUG] controller/orderController.go 19 map[sessionName:ginsession sessionStore:0xc42046c288]
2017-03-17/21:04:46 [DEBUG] controller/orderController.go 20 []
2017-03-17/21:04:46 [DEBUG] controller/orderController.go 21 
2017-03-17/21:04:46 [DEBUG] controller/orderController.go 24 url.Values
2017-03-17/21:04:46 [DEBUG] controller/orderController.go 25 map[]
2017-03-17/21:04:46 [DEBUG] controller/orderController.go 32 string
2017-03-17/21:04:46 [DEBUG] controller/orderController.go 33 
2017-03-17/21:07:16 [DEBUG] controller/orderController.go 13 req body : &{0xc42013d3c0 <nil> <nil> false true {0 0} true true false <nil>}
2017-03-17/21:07:16 [DEBUG] controller/orderController.go 19 body string: param1=aaa&param2=bbb&param3=ccc
2017-03-17/21:07:16 [DEBUG] controller/orderController.go 21 fa :map[param2:[bbb] param3:[ccc] param1:[aaa]]
2017-03-17/21:07:16 [DEBUG] controller/orderController.go 22 map[sessionName:ginsession sessionStore:0xc42008a2d0]
2017-03-17/21:07:16 [DEBUG] controller/orderController.go 23 []
2017-03-17/21:07:16 [DEBUG] controller/orderController.go 24 
2017-03-17/21:07:16 [DEBUG] controller/orderController.go 27 url.Values
2017-03-17/21:07:16 [DEBUG] controller/orderController.go 28 map[]
2017-03-17/21:07:16 [DEBUG] controller/orderController.go 35 string
2017-03-17/21:07:16 [DEBUG] controller/orderController.go 36 
2017-03-17/21:09:11 [DEBUG] controller/controller.go 48 mobile: 13761764141
2017-03-17/21:09:11 [DEBUG] controller/controller.go 49 smstype: 1
2017-03-17/21:09:11 [DEBUG] controller/controller.go 80 uc{7363 0  FillOrder 294115 2017-03-17 11:26:14 +0800 CST 2017-03-17 11:06:14 +0800 CST 13761764141}
2017-03-17/21:09:11 [DEBUG] util/commutil.go 174 http://gw.api.taobao.com/router/rest?app_key=23667852&format=json&method=alibaba.aliqin.fc.sms.num.send&rec_num=13761764141&sign=C954DE6C0547D9394117E47E22FD9B30&sign_method=md5&sms_free_sign_name=%E9%87%91%E5%B1%B1%E6%88%B7%E5%A4%96%E7%BD%91&sms_param=%7B%22code%22%3A%22852865%22%2C%22valid%22%3A%2220%22%7D&sms_template_code=SMS_53735171&sms_type=normal&timestamp=2017-03-17+21%3A09%3A11&v=2.0
2017-03-17/21:09:11 [DEBUG] controller/controller.go 120 suc: trueresp: {"alibaba_aliqin_fc_sms_num_send_response":{"result":{"err_code":"0","model":"106447268998^1108749602623","success":true},"request_id":"46heakaz5eme"}}err: <nil>
2017-03-17/21:09:40 [DEBUG] controller/orderController.go 12 req body : &{0xc420118760 <nil> <nil> true true {0 0} true false false <nil>}
2017-03-17/21:09:40 [DEBUG] controller/orderController.go 18 body string: orderForm%5BlineID%5D=1116&orderForm%5BselectPoint%5D%5BID%5D=1&orderForm%5BselectPoint%5D%5BName%5D=%E9%87%91%E5%B1%B1%EF%BC%9A%E4%B9%9D%E5%A4%A9%E9%93%B6%E6%B2%B3%E5%81%9C%E8%BD%A6%E5%9C%BA&orderForm%5BselectPoint%5D%5BOrders%5D=99&orderForm%5BvalCode%5D=852865&orderForm%5BselectContacts%5D%5B0%5D%5Bid%5D=3256&orderForm%5BselectContacts%5D%5B0%5D%5Bname%5D=%E8%83%A1%E6%99%93%E4%B8%9C&orderForm%5BselectContacts%5D%5B0%5D%5Bmobile%5D=13761764141&orderForm%5BselectContacts%5D%5B0%5D%5Bidcard%5D=310228198603200615&orderForm%5BorderUserForm%5D%5Bname%5D=%E8%83%A1%E6%99%93%E4%B8%9C&orderForm%5BorderUserForm%5D%5Bmobile%5D=13761764141
2017-03-17/21:09:40 [DEBUG] controller/orderController.go 20 map[sessionName:ginsession sessionStore:0xc4200322d0]
2017-03-17/21:09:40 [DEBUG] controller/orderController.go 21 []
2017-03-17/21:09:40 [DEBUG] controller/orderController.go 22 
2017-03-17/21:09:40 [DEBUG] controller/orderController.go 25 url.Values
2017-03-17/21:09:40 [DEBUG] controller/orderController.go 26 map[]
2017-03-17/21:09:40 [DEBUG] controller/orderController.go 33 string
2017-03-17/21:09:40 [DEBUG] controller/orderController.go 34 
2017-03-17/21:11:33 [DEBUG] controller/orderController.go 13 req body : &{0xc4201176e0 <nil> <nil> true true {0 0} true true false <nil>}
2017-03-17/21:11:33 [DEBUG] controller/orderController.go 19 body string: orderForm%5BlineID%5D=1116&orderForm%5BselectPoint%5D%5BID%5D=1&orderForm%5BselectPoint%5D%5BName%5D=%E9%87%91%E5%B1%B1%EF%BC%9A%E4%B9%9D%E5%A4%A9%E9%93%B6%E6%B2%B3%E5%81%9C%E8%BD%A6%E5%9C%BA&orderForm%5BselectPoint%5D%5BOrders%5D=99&orderForm%5BvalCode%5D=852865&orderForm%5BselectContacts%5D%5B0%5D%5Bid%5D=3256&orderForm%5BselectContacts%5D%5B0%5D%5Bname%5D=%E8%83%A1%E6%99%93%E4%B8%9C&orderForm%5BselectContacts%5D%5B0%5D%5Bmobile%5D=13761764141&orderForm%5BselectContacts%5D%5B0%5D%5Bidcard%5D=310228198603200615&orderForm%5BorderUserForm%5D%5Bname%5D=%E8%83%A1%E6%99%93%E4%B8%9C&orderForm%5BorderUserForm%5D%5Bmobile%5D=13761764141
2017-03-17/21:11:33 [DEBUG] controller/orderController.go 21 fa :map[orderForm[selectContacts][0][id]:[3256] orderForm[orderUserForm][name]:[胡晓东] orderForm[orderUserForm][mobile]:[13761764141] orderForm[lineID]:[1116] orderForm[selectPoint][ID]:[1] orderForm[selectPoint][Name]:[金山：九天银河停车场] orderForm[selectContacts][0][mobile]:[13761764141] orderForm[selectContacts][0][idcard]:[310228198603200615] orderForm[selectPoint][Orders]:[99] orderForm[valCode]:[852865] orderForm[selectContacts][0][name]:[胡晓东]]
2017-03-17/21:11:33 [DEBUG] controller/orderController.go 22 map[sessionName:ginsession sessionStore:0xc4200322d8]
2017-03-17/21:11:33 [DEBUG] controller/orderController.go 23 []
2017-03-17/21:11:33 [DEBUG] controller/orderController.go 24 
2017-03-17/21:11:33 [DEBUG] controller/orderController.go 27 url.Values
2017-03-17/21:11:33 [DEBUG] controller/orderController.go 28 map[]
2017-03-17/21:11:33 [DEBUG] controller/orderController.go 35 string
2017-03-17/21:11:33 [DEBUG] controller/orderController.go 36 
2017-03-17/21:13:34 [DEBUG] controller/orderController.go 13 req body : &{0xc4200cc980 <nil> <nil> false true {0 0} true false false <nil>}
2017-03-17/21:13:34 [DEBUG] controller/orderController.go 19 body string: {"username":"","password":"123456"}
2017-03-17/21:13:34 [DEBUG] controller/orderController.go 21 fa :map[{"username":"","password":"123456"}:[]]
2017-03-17/21:13:34 [DEBUG] controller/orderController.go 22 map[sessionName:ginsession sessionStore:0xc4200322d8]
2017-03-17/21:13:34 [DEBUG] controller/orderController.go 23 []
2017-03-17/21:13:34 [DEBUG] controller/orderController.go 24 
2017-03-17/21:13:34 [DEBUG] controller/orderController.go 27 url.Values
2017-03-17/21:13:34 [DEBUG] controller/orderController.go 28 map[]
2017-03-17/21:13:34 [DEBUG] controller/orderController.go 35 string
2017-03-17/21:13:34 [DEBUG] controller/orderController.go 36 
2017-03-17/21:14:30 [DEBUG] controller/orderController.go 13 req body : &{0xc4203ee060 <nil> <nil> false true {0 0} true false false <nil>}
2017-03-17/21:14:30 [DEBUG] controller/orderController.go 19 body string: {"username":"","password":"123456","user":{"age":22,"gender":"male"}}}
2017-03-17/21:14:30 [DEBUG] controller/orderController.go 21 fa :map[{"username":"","password":"123456","user":{"age":22,"gender":"male"}}}:[]]
2017-03-17/21:14:30 [DEBUG] controller/orderController.go 22 map[sessionName:ginsession sessionStore:0xc4200322d8]
2017-03-17/21:14:30 [DEBUG] controller/orderController.go 23 []
2017-03-17/21:14:30 [DEBUG] controller/orderController.go 24 
2017-03-17/21:14:30 [DEBUG] controller/orderController.go 27 url.Values
2017-03-17/21:14:30 [DEBUG] controller/orderController.go 28 map[]
2017-03-17/21:14:30 [DEBUG] controller/orderController.go 35 string
2017-03-17/21:14:30 [DEBUG] controller/orderController.go 36 
2017-03-17/21:14:41 [DEBUG] controller/orderController.go 13 req body : &{0xc4203ee220 <nil> <nil> false true {0 0} true true false <nil>}
2017-03-17/21:14:41 [DEBUG] controller/orderController.go 19 body string: {"username":"胡晓东","password":"123456","user":{"age":22,"gender":"male"}}}
2017-03-17/21:14:41 [DEBUG] controller/orderController.go 21 fa :map[{"username":"胡晓东","password":"123456","user":{"age":22,"gender":"male"}}}:[]]
2017-03-17/21:14:41 [DEBUG] controller/orderController.go 22 map[sessionName:ginsession sessionStore:0xc4200322d8]
2017-03-17/21:14:41 [DEBUG] controller/orderController.go 23 []
2017-03-17/21:14:41 [DEBUG] controller/orderController.go 24 
2017-03-17/21:14:41 [DEBUG] controller/orderController.go 27 url.Values
2017-03-17/21:14:41 [DEBUG] controller/orderController.go 28 map[]
2017-03-17/21:14:41 [DEBUG] controller/orderController.go 35 string
2017-03-17/21:14:41 [DEBUG] controller/orderController.go 36 
2017-03-17/21:22:17 [DEBUG] controller/orderController.go 13 req body : &{0xc4200cc940 <nil> <nil> false true {0 0} true true false <nil>}
2017-03-17/21:22:17 [DEBUG] controller/orderController.go 19 body string: {
    "username": "胡晓东",
    "password": "123456",
    "user": {
        "age": 22,
        "gender": "male"
    },
    "data": [
        "po",
        {
            "field": "hh"
        }
    ]
}
2017-03-17/21:22:17 [DEBUG] controller/orderController.go 21 fa :map[{
    "username": "胡晓东",
    "password": "123456",
    "user": {
        "age": 22,
        "gender": "male"
    },
    "data": [
        "po",
        {
            "field": "hh"
        }
    ]
}:[]]
2017-03-17/21:22:17 [DEBUG] controller/orderController.go 22 map[sessionName:ginsession sessionStore:0xc4200322d8]
2017-03-17/21:22:17 [DEBUG] controller/orderController.go 23 []
2017-03-17/21:22:17 [DEBUG] controller/orderController.go 24 
2017-03-17/21:22:17 [DEBUG] controller/orderController.go 27 url.Values
2017-03-17/21:22:17 [DEBUG] controller/orderController.go 28 map[]
2017-03-17/21:22:17 [DEBUG] controller/orderController.go 35 string
2017-03-17/21:22:17 [DEBUG] controller/orderController.go 36 
2017-03-17/21:32:50 [DEBUG] controller/orderController.go 13 req body : &{0xc420154f80 <nil> <nil> true true {1 0} false false false <nil>}
2017-03-17/21:32:50 [DEBUG] controller/orderController.go 19 body string: {"orderForm":{"lineID":"1116","selectPoint":false,"valCode":"112233","selectPersons":[],"selectContacts":[],"orderUserForm":{"name":"胡晓东","mobile":"13761764141"}}}
2017-03-17/21:32:50 [DEBUG] controller/orderController.go 21 fa :map[{"orderForm":{"lineID":"1116","selectPoint":false,"valCode":"112233","selectPersons":[],"selectContacts":[],"orderUserForm":{"name":"胡晓东","mobile":"13761764141"}}}:[]]
2017-03-17/21:32:50 [DEBUG] controller/orderController.go 22 map[sessionName:ginsession sessionStore:0xc4200322d8]
2017-03-17/21:32:50 [DEBUG] controller/orderController.go 23 []
2017-03-17/21:32:50 [DEBUG] controller/orderController.go 24 
2017-03-17/21:32:50 [DEBUG] controller/orderController.go 27 url.Values
2017-03-17/21:32:50 [DEBUG] controller/orderController.go 28 map[]
2017-03-17/21:32:50 [DEBUG] controller/orderController.go 35 string
2017-03-17/21:32:50 [DEBUG] controller/orderController.go 36 
2017-03-17/21:35:42 [DEBUG] controller/orderController.go 14 req body : &{0xc4204712e0 <nil> <nil> true true {0 0} true false false <nil>}
2017-03-17/21:35:42 [DEBUG] controller/orderController.go 20 body string: {"orderForm":{"lineID":"1116","selectPoint":false,"valCode":"112233","selectPersons":[],"selectContacts":[],"orderUserForm":{"name":"胡晓东","mobile":"13761764141"}}}
2017-03-17/21:35:42 [DEBUG] controller/orderController.go 22 fa :map[{"orderForm":{"lineID":"1116","selectPoint":false,"valCode":"112233","selectPersons":[],"selectContacts":[],"orderUserForm":{"name":"胡晓东","mobile":"13761764141"}}}:[]]
2017-03-17/21:35:42 [DEBUG] controller/orderController.go 28 map[orderForm:map[selectPoint:false valCode:112233 selectPersons:[] selectContacts:[] orderUserForm:map[name:胡晓东 mobile:13761764141] lineID:1116]]
2017-03-17/21:35:42 [DEBUG] controller/orderController.go 29 map[sessionName:ginsession sessionStore:0xc420472280]
2017-03-17/21:35:42 [DEBUG] controller/orderController.go 30 []
2017-03-17/21:35:42 [DEBUG] controller/orderController.go 31 
2017-03-17/21:35:42 [DEBUG] controller/orderController.go 34 url.Values
2017-03-17/21:35:42 [DEBUG] controller/orderController.go 35 map[]
2017-03-17/21:35:42 [DEBUG] controller/orderController.go 42 string
2017-03-17/21:35:42 [DEBUG] controller/orderController.go 43 
2017-03-17/21:37:02 [DEBUG] controller/orderController.go 14 req body : &{0xc4201196a0 <nil> <nil> true true {0 0} true false false <nil>}
2017-03-17/21:37:02 [DEBUG] controller/orderController.go 20 body string: {"orderForm":{"lineID":"1116","selectPoint":false,"valCode":"112233","selectPersons":[],"selectContacts":[],"orderUserForm":{"name":"胡晓东","mobile":"13761764141"}}}
2017-03-17/21:37:02 [DEBUG] controller/orderController.go 22 fa :map[{"orderForm":{"lineID":"1116","selectPoint":false,"valCode":"112233","selectPersons":[],"selectContacts":[],"orderUserForm":{"name":"胡晓东","mobile":"13761764141"}}}:[]]
2017-03-17/21:38:20 [DEBUG] controller/orderController.go 14 req body : &{0xc4201196a0 <nil> <nil> true true {0 0} true false false <nil>}
2017-03-17/21:38:20 [DEBUG] controller/orderController.go 20 body string: {"orderForm":{"lineID":"1116","selectPoint":false,"valCode":"112233","selectPersons":[],"selectContacts":[],"orderUserForm":{"name":"胡晓东","mobile":"13761764141"}}}
2017-03-17/21:38:20 [DEBUG] controller/orderController.go 22 fa :map[{"orderForm":{"lineID":"1116","selectPoint":false,"valCode":"112233","selectPersons":[],"selectContacts":[],"orderUserForm":{"name":"胡晓东","mobile":"13761764141"}}}:[]]
2017-03-17/21:38:20 [DEBUG] controller/orderController.go 28 <nil>
2017-03-17/21:38:20 [DEBUG] controller/orderController.go 29 map[sessionName:ginsession sessionStore:0xc4200322d0]
2017-03-17/21:38:20 [DEBUG] controller/orderController.go 30 []
2017-03-17/21:38:20 [DEBUG] controller/orderController.go 31 
2017-03-17/21:38:20 [DEBUG] controller/orderController.go 34 url.Values
2017-03-17/21:38:20 [DEBUG] controller/orderController.go 35 map[]
2017-03-17/21:38:20 [DEBUG] controller/orderController.go 42 string
2017-03-17/21:38:20 [DEBUG] controller/orderController.go 43 
2017-03-17/21:38:56 [DEBUG] controller/orderController.go 14 req body : &{0xc420477300 <nil> <nil> true true {0 0} true false false <nil>}
2017-03-17/21:38:56 [DEBUG] controller/orderController.go 20 body string: {"orderForm":{"lineID":"1116","selectPoint":false,"valCode":"112233","selectPersons":[],"selectContacts":[],"orderUserForm":{"name":"胡晓东","mobile":"13761764141"}}}
2017-03-17/21:38:56 [DEBUG] controller/orderController.go 22 fa :map[{"orderForm":{"lineID":"1116","selectPoint":false,"valCode":"112233","selectPersons":[],"selectContacts":[],"orderUserForm":{"name":"胡晓东","mobile":"13761764141"}}}:[]]
2017-03-17/21:38:56 [DEBUG] controller/orderController.go 28 ma: map[orderForm:map[orderUserForm:map[mobile:13761764141 name:胡晓东] lineID:1116 selectPoint:false valCode:112233 selectPersons:[] selectContacts:[]]]
2017-03-17/21:38:56 [DEBUG] controller/orderController.go 29 <nil>
2017-03-17/21:38:56 [DEBUG] controller/orderController.go 30 map[sessionName:ginsession sessionStore:0xc4200322d0]
2017-03-17/21:38:56 [DEBUG] controller/orderController.go 31 []
2017-03-17/21:38:56 [DEBUG] controller/orderController.go 32 
2017-03-17/21:38:56 [DEBUG] controller/orderController.go 35 url.Values
2017-03-17/21:38:56 [DEBUG] controller/orderController.go 36 map[]
2017-03-17/21:38:56 [DEBUG] controller/orderController.go 43 string
2017-03-17/21:38:56 [DEBUG] controller/orderController.go 44 
2017-03-17/21:40:13 [DEBUG] controller/orderController.go 14 req body : &{0xc4201460a0 <nil> <nil> true true {0 0} true true false <nil>}
2017-03-17/21:40:13 [DEBUG] controller/orderController.go 20 body string: {"orderForm":{"lineID":"1116","selectPoint":false,"valCode":"112233","selectPersons":[],"selectContacts":[],"orderUserForm":{"name":"胡晓东","mobile":"13761764141"}}}
2017-03-17/21:40:13 [DEBUG] controller/orderController.go 22 fa :map[{"orderForm":{"lineID":"1116","selectPoint":false,"valCode":"112233","selectPersons":[],"selectContacts":[],"orderUserForm":{"name":"胡晓东","mobile":"13761764141"}}}:[]]
2017-03-17/21:40:13 [DEBUG] controller/orderController.go 28 ma: map[orderForm:map[valCode:112233 selectPersons:[] selectContacts:[] orderUserForm:map[name:胡晓东 mobile:13761764141] lineID:1116 selectPoint:false]]
2017-03-17/21:40:13 [DEBUG] controller/orderController.go 29 13761764141
2017-03-17/21:40:13 [DEBUG] controller/orderController.go 30 map[sessionName:ginsession sessionStore:0xc4200322d0]
2017-03-17/21:40:13 [DEBUG] controller/orderController.go 31 []
2017-03-17/21:40:13 [DEBUG] controller/orderController.go 32 
2017-03-17/21:40:13 [DEBUG] controller/orderController.go 35 url.Values
2017-03-17/21:40:13 [DEBUG] controller/orderController.go 36 map[]
2017-03-17/21:40:13 [DEBUG] controller/orderController.go 43 string
2017-03-17/21:40:13 [DEBUG] controller/orderController.go 44 
2017-03-17/21:41:16 [DEBUG] controller/orderController.go 13 req body : &{0xc420468080 <nil> <nil> false true {0 0} true false false <nil>}
2017-03-17/21:41:16 [DEBUG] controller/orderController.go 24 ma: map[username:胡晓东 password:123456 user:map[age:22 gender:male] data:[po map[field:hh]]]
2017-03-17/21:41:47 [DEBUG] controller/orderController.go 13 req body : &{0xc420468380 <nil> <nil> true true {0 0} true false false <nil>}
2017-03-17/21:41:47 [DEBUG] controller/orderController.go 24 ma: map[orderForm:map[orderUserForm:map[mobile:13761764141 name:胡晓东] lineID:1116 selectPoint:false valCode:112233 selectPersons:[] selectContacts:[]]]
2017-03-17/21:41:47 [DEBUG] controller/orderController.go 25 13761764141
2017-03-17/21:41:47 [DEBUG] controller/orderController.go 26 map[sessionName:ginsession sessionStore:0xc42046a290]
2017-03-17/21:41:47 [DEBUG] controller/orderController.go 27 []
2017-03-17/21:41:47 [DEBUG] controller/orderController.go 28 
2017-03-17/21:41:47 [DEBUG] controller/orderController.go 31 url.Values
2017-03-17/21:41:47 [DEBUG] controller/orderController.go 32 map[]
2017-03-17/21:41:47 [DEBUG] controller/orderController.go 39 string
2017-03-17/21:41:47 [DEBUG] controller/orderController.go 40 
2017-03-17/21:55:33 [DEBUG] controller/orderController.go 13 req body : &{0xc420118580 <nil> <nil> true true {1 0} false false false <nil>}
2017-03-17/21:55:33 [DEBUG] controller/orderController.go 24 ma: map[orderForm:map[lineID:1116 selectPoint:map[ID:1 Name:金山：九天银河停车场 Orders:99] valCode:asdfsdf selectPersons:[] selectContacts:[map[idcard:310228198603200615 id:3256 name:胡晓东 mobile:13761764141]] orderUserForm:map[mobile:13761764141 name:胡晓东]]]
2017-03-17/21:55:33 [DEBUG] controller/orderController.go 25 13761764141
2017-03-17/21:55:33 [DEBUG] controller/orderController.go 26 map[sessionName:ginsession sessionStore:0xc42046a290]
2017-03-17/21:55:33 [DEBUG] controller/orderController.go 27 []
2017-03-17/21:55:33 [DEBUG] controller/orderController.go 28 
2017-03-17/21:55:33 [DEBUG] controller/orderController.go 31 url.Values
2017-03-17/21:55:33 [DEBUG] controller/orderController.go 32 map[]
2017-03-17/21:55:33 [DEBUG] controller/orderController.go 39 string
2017-03-17/21:55:33 [DEBUG] controller/orderController.go 40 
2017-03-17/21:58:43 [DEBUG] controller/orderController.go 23 ma: map[orderForm:map[lineID:1116 selectPoint:map[Name:金山：九天银河停车场 Orders:99 ID:1] valCode:123123 selectPersons:[] selectContacts:[map[id:3256 name:胡晓东 mobile:13761764141 idcard:310228198603200615]] orderUserForm:map[name:胡晓东 mobile:13761764141]]]
2017-03-17/21:58:43 [DEBUG] controller/orderController.go 24 13761764141
2017-03-17/21:58:43 [DEBUG] controller/orderController.go 25 map[sessionName:ginsession sessionStore:0xc4200322d0]
2017-03-17/21:58:43 [DEBUG] controller/orderController.go 26 []
2017-03-17/21:58:43 [DEBUG] controller/orderController.go 27 
2017-03-17/21:58:43 [DEBUG] controller/orderController.go 30 url.Values
2017-03-17/21:58:43 [DEBUG] controller/orderController.go 31 map[]
2017-03-17/21:58:43 [DEBUG] controller/orderController.go 38 string
2017-03-17/21:58:43 [DEBUG] controller/orderController.go 39 
2017-03-17/22:00:23 [DEBUG] controller/orderController.go 22 ma: map[orderForm:map[valCode:123123 selectPersons:[] selectContacts:[map[id:3256 name:胡晓东 mobile:13761764141 idcard:310228198603200615]] orderUserForm:map[name:胡晓东 mobile:13761764141] lineID:1116 selectPoint:map[ID:1 Name:金山：九天银河停车场 Orders:99]]]
2017-03-17/22:00:23 [DEBUG] controller/orderController.go 23 13761764141
2017-03-17/22:00:23 [DEBUG] controller/orderController.go 25 map[lineID:1116 selectPoint:map[ID:1 Name:金山：九天银河停车场 Orders:99] valCode:123123 selectPersons:[] selectContacts:[map[id:3256 name:胡晓东 mobile:13761764141 idcard:310228198603200615]] orderUserForm:map[name:胡晓东 mobile:13761764141]]
