2017-03-18/15:26:26 [DEBUG] controller/orderController.go 30 ma: map[orderForm:map[lineID:1116 selectPoint:map[ID:1 Name:金山：九天银河停车场 Orders:99] valCode:1122233 selectPersons:[] selectContacts:[map[id:3256 name:胡晓东 mobile:13761764141 idcard:310228198603200615]] orderUserForm:map[id:3159 name:胡晓东 mobile:13761764141]]]
2017-03-18/15:26:26 [DEBUG] controller/orderController.go 31 13761764141
2017-03-18/15:26:26 [DEBUG] controller/orderController.go 33 map[lineID:1116 selectPoint:map[ID:1 Name:金山：九天银河停车场 Orders:99] valCode:1122233 selectPersons:[] selectContacts:[map[id:3256 name:胡晓东 mobile:13761764141 idcard:310228198603200615]] orderUserForm:map[id:3159 name:胡晓东 mobile:13761764141]]
2017-03-18/16:01:28 [DEBUG] controller/orderController.go 30 ma: map[orderForm:map[selectPersons:[] selectContacts:[map[id:3256 name:胡晓东 mobile:13761764141 idcard:310228198603200615]] orderUserForm:map[id:3159 name:胡晓东 mobile:13761764141] lineID:1116 selectPoint:map[ID:1 Name:金山：九天银河停车场 Orders:99] valCode:1122233]]
2017-03-18/16:01:28 [DEBUG] controller/orderController.go 31 13761764141
2017-03-18/16:01:28 [DEBUG] controller/orderController.go 33 map[valCode:1122233 selectPersons:[] selectContacts:[map[idcard:310228198603200615 id:3256 name:胡晓东 mobile:13761764141]] orderUserForm:map[id:3159 name:胡晓东 mobile:13761764141] lineID:1116 selectPoint:map[ID:1 Name:金山：九天银河停车场 Orders:99]]
2017-03-18/16:03:45 [DEBUG] controller/orderController.go 30 ma: map[orderForm:map[selectPoint:map[ID:1 Name:金山：九天银河停车场 Orders:99] valCode:1122233 selectPersons:[] selectContacts:[map[id:3256 name:胡晓东 mobile:13761764141 idcard:310228198603200615]] orderUserForm:map[id:3159 name:胡晓东 mobile:13761764141] lineID:1116]]
2017-03-18/16:03:45 [DEBUG] controller/orderController.go 31 13761764141
2017-03-18/16:03:45 [DEBUG] controller/orderController.go 33 map[orderUserForm:map[mobile:13761764141 id:3159 name:胡晓东] lineID:1116 selectPoint:map[ID:1 Name:金山：九天银河停车场 Orders:99] valCode:1122233 selectPersons:[] selectContacts:[map[id:3256 name:胡晓东 mobile:13761764141 idcard:310228198603200615]]]
2017-03-18/16:05:17 [DEBUG] controller/orderController.go 30 ma: map[orderForm:map[orderUserForm:map[id:3159 name:胡晓东 mobile:13761764141] lineID:1116 selectPoint:map[ID:1 Name:金山：九天银河停车场 Orders:99] valCode:1122233 selectPersons:[] selectContacts:[map[id:3256 name:胡晓东 mobile:13761764141 idcard:310228198603200615]]]]
2017-03-18/16:05:17 [DEBUG] controller/orderController.go 31 13761764141
2017-03-18/16:05:17 [DEBUG] controller/orderController.go 33 map[lineID:1116 selectPoint:map[ID:1 Name:金山：九天银河停车场 Orders:99] valCode:1122233 selectPersons:[] selectContacts:[map[name:胡晓东 mobile:13761764141 idcard:310228198603200615 id:3256]] orderUserForm:map[mobile:13761764141 id:3159 name:胡晓东]]
2017-03-18/16:06:17 [DEBUG] controller/orderController.go 30 ma: map[orderForm:map[lineID:1116 selectPoint:map[ID:1 Name:金山：九天银河停车场 Orders:99] valCode:1122233 selectPersons:[] selectContacts:[map[id:3256 name:胡晓东 mobile:13761764141 idcard:310228198603200615]] orderUserForm:map[id:3159 name:胡晓东 mobile:13761764141]]]
2017-03-18/16:06:17 [DEBUG] controller/orderController.go 31 13761764141
2017-03-18/16:06:17 [DEBUG] controller/orderController.go 33 map[selectContacts:[map[id:3256 name:胡晓东 mobile:13761764141 idcard:310228198603200615]] orderUserForm:map[name:胡晓东 mobile:13761764141 id:3159] lineID:1116 selectPoint:map[Orders:99 ID:1 Name:金山：九天银河停车场] valCode:1122233 selectPersons:[]]
2017-03-18/16:07:52 [DEBUG] controller/orderController.go 30 ma: map[orderForm:map[selectPersons:[] selectContacts:[map[idcard:310228198603200615 id:3256 name:胡晓东 mobile:13761764141]] orderUserForm:map[id:3159 name:胡晓东 mobile:13761764141] lineID:1116 selectPoint:map[ID:1 Name:金山：九天银河停车场 Orders:99] valCode:1122233]]
2017-03-18/16:07:52 [DEBUG] controller/orderController.go 31 13761764141
2017-03-18/16:07:52 [DEBUG] controller/orderController.go 33 map[lineID:1116 selectPoint:map[Name:金山：九天银河停车场 Orders:99 ID:1] valCode:1122233 selectPersons:[] selectContacts:[map[mobile:13761764141 idcard:310228198603200615 id:3256 name:胡晓东]] orderUserForm:map[id:3159 name:胡晓东 mobile:13761764141]]
2017-03-18/16:10:53 [DEBUG] controller/orderController.go 30 ma: map[orderForm:map[orderUserForm:map[id:3159 name:胡晓东 mobile:13761764141] lineID:1116 selectPoint:map[ID:1 Name:金山：九天银河停车场 Orders:99] valCode:852865 selectPersons:[] selectContacts:[map[id:3256 name:胡晓东 mobile:13761764141 idcard:310228198603200615]]]]
2017-03-18/16:10:53 [DEBUG] controller/orderController.go 31 13761764141
2017-03-18/16:10:53 [DEBUG] controller/orderController.go 33 map[lineID:1116 selectPoint:map[ID:1 Name:金山：九天银河停车场 Orders:99] valCode:852865 selectPersons:[] selectContacts:[map[id:3256 name:胡晓东 mobile:13761764141 idcard:310228198603200615]] orderUserForm:map[id:3159 name:胡晓东 mobile:13761764141]]
2017-03-18/16:15:33 [DEBUG] controller/orderController.go 31 ma: map[orderForm:map[lineID:1116 selectPoint:map[Orders:99 ID:1 Name:金山：九天银河停车场] valCode:852865 selectPersons:[] selectContacts:[map[idcard:310228198603200615 id:3256 name:胡晓东 mobile:13761764141]] orderUserForm:map[name:胡晓东 mobile:13761764141 id:3159]]]
2017-03-18/16:15:33 [DEBUG] controller/orderController.go 32 13761764141
2017-03-18/16:15:33 [DEBUG] controller/orderController.go 34 map[valCode:852865 selectPersons:[] selectContacts:[map[idcard:310228198603200615 id:3256 name:胡晓东 mobile:13761764141]] orderUserForm:map[name:胡晓东 mobile:13761764141 id:3159] lineID:1116 selectPoint:map[Orders:99 ID:1 Name:金山：九天银河停车场]]
2017-03-18/16:34:24 [DEBUG] controller/orderController.go 31 ma: map[orderForm:map[selectPersons:[] selectContacts:[map[id:3256 name:胡晓东 mobile:13761764141 idcard:310228198603200615]] orderUserForm:map[id:3159 name:胡晓东 mobile:13761764141] lineID:1116 selectPoint:map[ID:1 Name:金山：九天银河停车场 Orders:99] valCode:852865]]
2017-03-18/16:34:24 [DEBUG] controller/orderController.go 32 13761764141
2017-03-18/16:34:24 [DEBUG] controller/orderController.go 34 map[selectPersons:[] selectContacts:[map[name:胡晓东 mobile:13761764141 idcard:310228198603200615 id:3256]] orderUserForm:map[mobile:13761764141 id:3159 name:胡晓东] lineID:1116 selectPoint:map[ID:1 Name:金山：九天银河停车场 Orders:99] valCode:852865]
2017-03-18/16:37:26 [DEBUG] controller/orderController.go 31 ma: map[orderForm:map[lineID:1116 selectPoint:map[ID:1 Name:金山：九天银河停车场 Orders:99] valCode:852865 selectPersons:[] selectContacts:[map[name:胡晓东 mobile:13761764141 idcard:310228198603200615 id:3256]] orderUserForm:map[mobile:13761764141 id:3159 name:胡晓东]]]
2017-03-18/16:37:26 [DEBUG] controller/orderController.go 32 13761764141
2017-03-18/16:37:26 [DEBUG] controller/orderController.go 34 map[lineID:1116 selectPoint:map[ID:1 Name:金山：九天银河停车场 Orders:99] valCode:852865 selectPersons:[] selectContacts:[map[name:胡晓东 mobile:13761764141 idcard:310228198603200615 id:3256]] orderUserForm:map[mobile:13761764141 id:3159 name:胡晓东]]
2017-03-18/16:37:33 [DEBUG] controller/controller.go 48 mobile: 13761764141
2017-03-18/16:37:33 [DEBUG] controller/controller.go 49 smstype: 1
2017-03-18/16:37:33 [DEBUG] controller/controller.go 80 uc{7367 0  FillOrder 852865 2017-03-17 21:29:11 +0800 CST 2017-03-17 21:09:11 +0800 CST 13761764141}
2017-03-18/16:37:33 [DEBUG] util/commutil.go 174 http://gw.api.taobao.com/router/rest?app_key=23667852&format=json&method=alibaba.aliqin.fc.sms.num.send&rec_num=13761764141&sign=CA450F69603E74E13A5FC031D0AA046E&sign_method=md5&sms_free_sign_name=%E9%87%91%E5%B1%B1%E6%88%B7%E5%A4%96%E7%BD%91&sms_param=%7B%22code%22%3A%22266032%22%2C%22valid%22%3A%2220%22%7D&sms_template_code=SMS_53735171&sms_type=normal&timestamp=2017-03-18+16%3A37%3A33&v=2.0
2017-03-18/16:37:34 [DEBUG] controller/controller.go 120 suc: trueresp: {"alibaba_aliqin_fc_sms_num_send_response":{"result":{"err_code":"0","model":"106460381108^1108766170839","success":true},"request_id":"3dp0ven8wp47"}}err: <nil>
2017-03-18/16:37:52 [DEBUG] controller/orderController.go 31 ma: map[orderForm:map[lineID:1116 selectPoint:map[ID:1 Name:金山：九天银河停车场 Orders:99] valCode:266032 selectPersons:[] selectContacts:[map[id:3256 name:胡晓东 mobile:13761764141 idcard:310228198603200615]] orderUserForm:map[id:3159 name:胡晓东 mobile:13761764141]]]
2017-03-18/16:37:52 [DEBUG] controller/orderController.go 32 13761764141
2017-03-18/16:37:52 [DEBUG] controller/orderController.go 34 map[lineID:1116 selectPoint:map[ID:1 Name:金山：九天银河停车场 Orders:99] valCode:266032 selectPersons:[] selectContacts:[map[id:3256 name:胡晓东 mobile:13761764141 idcard:310228198603200615]] orderUserForm:map[name:胡晓东 mobile:13761764141 id:3159]]
2017-03-18/16:39:25 [DEBUG] controller/orderController.go 31 ma: map[orderForm:map[lineID:1116 selectPoint:map[ID:1 Name:金山：九天银河停车场 Orders:99] valCode:266032 selectPersons:[] selectContacts:[map[id:3256 name:胡晓东 mobile:13761764141 idcard:310228198603200615]] orderUserForm:map[id:3159 name:胡晓东 mobile:13761764141]]]
2017-03-18/16:39:25 [DEBUG] controller/orderController.go 32 13761764141
2017-03-18/16:39:25 [DEBUG] controller/orderController.go 34 map[selectPersons:[] selectContacts:[map[id:3256 name:胡晓东 mobile:13761764141 idcard:310228198603200615]] orderUserForm:map[id:3159 name:胡晓东 mobile:13761764141] lineID:1116 selectPoint:map[Name:金山：九天银河停车场 Orders:99 ID:1] valCode:266032]
2017-03-18/16:40:58 [DEBUG] controller/orderController.go 31 ma: map[orderForm:map[orderUserForm:map[mobile:13761764141 id:3159 name:胡晓东] lineID:1116 selectPoint:map[ID:1 Name:金山：九天银河停车场 Orders:99] valCode:266032 selectPersons:[] selectContacts:[map[id:3256 name:胡晓东 mobile:13761764141 idcard:310228198603200615]]]]
2017-03-18/16:40:58 [DEBUG] controller/orderController.go 32 13761764141
2017-03-18/16:40:58 [DEBUG] controller/orderController.go 34 map[lineID:1116 selectPoint:map[ID:1 Name:金山：九天银河停车场 Orders:99] valCode:266032 selectPersons:[] selectContacts:[map[id:3256 name:胡晓东 mobile:13761764141 idcard:310228198603200615]] orderUserForm:map[name:胡晓东 mobile:13761764141 id:3159]]
2017-03-18/16:41:00 [DEBUG] controller/orderController.go 155 insert val: 1
2017-03-18/16:41:00 [DEBUG] controller/orderController.go 156 after insert{5685 20170318  398  3159 胡晓东 0 0 1 0001-01-01 00:00:00 +0000 UTC 13761764141  0 1 1 2017-03-18 16:40:59.768279016 +0800 CST 1 0001-01-01 00:00:00 +0000 UTC   2017-03-18 00:00:00 +0800 CST 2017-03-20 23:59:00 +0800 CST 1 金山：九天银河停车场}
2017-03-18/16:47:19 [DEBUG] controller/orderController.go 31 ma: map[orderForm:map[lineID:1116 selectPoint:map[ID:1 Name:金山：九天银河停车场 Orders:99] valCode:266032 selectPersons:[] selectContacts:[map[name:胡晓东 mobile:13761764141 idcard:310228198603200615 id:3256]] orderUserForm:map[id:3159 name:胡晓东 mobile:13761764141]]]
2017-03-18/16:47:19 [DEBUG] controller/orderController.go 32 13761764141
2017-03-18/16:47:19 [DEBUG] controller/orderController.go 34 map[valCode:266032 selectPersons:[] selectContacts:[map[id:3256 name:胡晓东 mobile:13761764141 idcard:310228198603200615]] orderUserForm:map[id:3159 name:胡晓东 mobile:13761764141] lineID:1116 selectPoint:map[ID:1 Name:金山：九天银河停车场 Orders:99]]
2017-03-18/16:47:20 [DEBUG] controller/orderController.go 108 sino:   398
2017-03-18/16:47:20 [DEBUG] controller/orderController.go 110 20170318  398
2017-03-18/16:47:21 [DEBUG] controller/orderController.go 159 insert val: 1
2017-03-18/16:47:21 [DEBUG] controller/orderController.go 160 after insert{5686 20170318  398  3159 胡晓东 0 0 1 0001-01-01 00:00:00 +0000 UTC 13761764141  0 1 1 2017-03-18 16:47:20.747610357 +0800 CST 1 0001-01-01 00:00:00 +0000 UTC   2017-03-18 00:00:00 +0800 CST 2017-03-20 23:59:00 +0800 CST 1 金山：九天银河停车场}
2017-03-18/20:40:50 [DEBUG] controller/orderController.go 31 ma: map[orderForm:map[lineID:1116 selectPoint:map[Orders:99 ID:1 Name:金山：九天银河停车场] valCode:266032 selectPersons:[] selectContacts:[map[idcard:310228198603200615 id:3256 name:胡晓东 mobile:13761764141]] orderUserForm:map[name:胡晓东 mobile:13761764141 id:3159]]]
2017-03-18/20:40:50 [DEBUG] controller/orderController.go 32 13761764141
2017-03-18/20:40:50 [DEBUG] controller/orderController.go 34 map[valCode:266032 selectPersons:[] selectContacts:[map[idcard:310228198603200615 id:3256 name:胡晓东 mobile:13761764141]] orderUserForm:map[id:3159 name:胡晓东 mobile:13761764141] lineID:1116 selectPoint:map[ID:1 Name:金山：九天银河停车场 Orders:99]]
2017-03-18/20:40:58 [DEBUG] controller/orderController.go 108 sino: 00398
2017-03-18/20:40:58 [DEBUG] controller/orderController.go 110 2017031800398
2017-03-18/20:41:01 [DEBUG] controller/orderController.go 159 insert val: 1
2017-03-18/20:41:01 [DEBUG] controller/orderController.go 160 after insert{5687 2017031800398  3159 胡晓东 0 0 1 0001-01-01 00:00:00 +0000 UTC 13761764141  0 1 1 2017-03-18 20:40:59.313842381 +0800 CST 1 0001-01-01 00:00:00 +0000 UTC   2017-03-18 00:00:00 +0800 CST 2017-03-20 23:59:00 +0800 CST 1 金山：九天银河停车场}
