2017-03-26/23:20:24 [DEBUG] controller/controller.go 48 mobile: 13761764141
2017-03-26/23:20:24 [DEBUG] controller/controller.go 49 smstype: 1
2017-03-26/23:20:24 [DEBUG] controller/controller.go 80 uc{8382 0  FillOrder 991309 2017-03-25 22:33:39 +0800 CST 2017-03-25 22:13:39 +0800 CST 13761764141}
2017-03-26/23:20:24 [DEBUG] util/commutil.go 195 http://gw.api.taobao.com/router/rest?app_key=23667852&format=json&method=alibaba.aliqin.fc.sms.num.send&rec_num=13761764141&sign=AE723356EDA517EB6BED18AC06E22BC2&sign_method=md5&sms_free_sign_name=%E9%87%91%E5%B1%B1%E6%88%B7%E5%A4%96%E7%BD%91&sms_param=%7B%22code%22%3A%22630985%22%2C%22valid%22%3A%2220%22%7D&sms_template_code=SMS_53735171&sms_type=normal&timestamp=2017-03-26+23%3A20%3A24&v=2.0
2017-03-26/23:20:24 [DEBUG] controller/controller.go 120 suc: trueresp: {"alibaba_aliqin_fc_sms_num_send_response":{"result":{"err_code":"0","model":"106611690516^1108975405811","success":true},"request_id":"iv15n9k3dce2"}}err: <nil>
2017-03-26/23:21:58 [DEBUG] controller/orderController.go 34 ma: map[orderForm:map[selectPersons:[] selectContacts:[map[idcard:310228198603200615 id:3256 name:胡晓东 mobile:13761764141]] orderUserForm:map[name:胡晓东 mobile:13761764141 id:3159] lineID:1116 selectPoint:map[Orders:1 ID:16 Name:石化：亭卫南路800号] valCode:630985]]
2017-03-26/23:21:58 [DEBUG] controller/orderController.go 35 13761764141
2017-03-26/23:21:58 [DEBUG] controller/orderController.go 37 map[selectContacts:[map[id:3256 name:胡晓东 mobile:13761764141 idcard:310228198603200615]] orderUserForm:map[id:3159 name:胡晓东 mobile:13761764141] lineID:1116 selectPoint:map[ID:16 Name:石化：亭卫南路800号 Orders:1] valCode:630985 selectPersons:[]]
2017-03-26/23:21:58 [DEBUG] controller/orderController.go 113 sino: 00419
2017-03-26/23:21:58 [DEBUG] controller/orderController.go 115 2017032600419
2017-03-26/23:21:58 [DEBUG] util/commutil.go 115 ==============================genderStr: 1
2017-03-26/23:51:45 [DEBUG] controller/orderController.go 34 ma: map[orderForm:map[orderUserForm:map[id:3159 name:胡晓东 mobile:13761764141] lineID:1116 selectPoint:map[ID:16 Name:石化：亭卫南路800号 Orders:1] valCode:630985 selectPersons:[] selectContacts:[map[name:胡晓东 mobile:13761764141 idcard:310228198603200615 id:3256]]]]
2017-03-26/23:51:45 [DEBUG] controller/orderController.go 35 13761764141
2017-03-26/23:51:45 [DEBUG] controller/orderController.go 37 map[valCode:630985 selectPersons:[] selectContacts:[map[idcard:310228198603200615 id:3256 name:胡晓东 mobile:13761764141]] orderUserForm:map[id:3159 name:胡晓东 mobile:13761764141] lineID:1116 selectPoint:map[ID:16 Name:石化：亭卫南路800号 Orders:1]]
2017-03-26/23:51:45 [DEBUG] controller/orderController.go 113 sino: 00419
2017-03-26/23:51:45 [DEBUG] controller/orderController.go 115 2017032600419
2017-03-26/23:51:45 [DEBUG] util/commutil.go 115 ==============================genderStr: 1
2017-03-26/23:53:30 [DEBUG] controller/orderController.go 34 ma: map[orderForm:map[valCode:630985 selectPersons:[] selectContacts:[map[idcard:310228198603200615 id:3256 name:胡晓东 mobile:13761764141]] orderUserForm:map[name:胡晓东 mobile:13761764141 id:3159] lineID:1116 selectPoint:map[ID:16 Name:石化：亭卫南路800号 Orders:1]]]
2017-03-26/23:53:30 [DEBUG] controller/orderController.go 35 13761764141
2017-03-26/23:53:30 [DEBUG] controller/orderController.go 37 map[valCode:630985 selectPersons:[] selectContacts:[map[id:3256 name:胡晓东 mobile:13761764141 idcard:310228198603200615]] orderUserForm:map[id:3159 name:胡晓东 mobile:13761764141] lineID:1116 selectPoint:map[ID:16 Name:石化：亭卫南路800号 Orders:1]]
2017-03-26/23:53:30 [DEBUG] controller/orderController.go 113 sino: 00419
2017-03-26/23:53:30 [DEBUG] controller/orderController.go 115 2017032600419
2017-03-26/23:53:30 [DEBUG] util/commutil.go 115 ==============================genderStr: 1
2017-03-26/23:55:16 [DEBUG] controller/orderController.go 34 ma: map[orderForm:map[lineID:1116 selectPoint:map[ID:16 Name:石化：亭卫南路800号 Orders:1] valCode:630985 selectPersons:[] selectContacts:[map[name:胡晓东 mobile:13761764141 idcard:310228198603200615 id:3256]] orderUserForm:map[mobile:13761764141 id:3159 name:胡晓东]]]
2017-03-26/23:55:16 [DEBUG] controller/orderController.go 35 13761764141
2017-03-26/23:55:16 [DEBUG] controller/orderController.go 37 map[selectPersons:[] selectContacts:[map[id:3256 name:胡晓东 mobile:13761764141 idcard:310228198603200615]] orderUserForm:map[id:3159 name:胡晓东 mobile:13761764141] lineID:1116 selectPoint:map[ID:16 Name:石化：亭卫南路800号 Orders:1] valCode:630985]
2017-03-26/23:55:16 [DEBUG] controller/orderController.go 113 sino: 00419
2017-03-26/23:55:16 [DEBUG] controller/orderController.go 115 2017032600419
2017-03-26/23:55:16 [DEBUG] util/commutil.go 115 ==============================genderStr: 1
2017-03-26/23:55:16 [DEBUG] controller/orderController.go 175 insert val: 1
2017-03-26/23:55:16 [DEBUG] controller/orderController.go 176 after insert{6696 2017032600419  3159 胡晓东 0 0 1 0001-01-01 00:00:00 +0000 UTC 13761764141  0 1 1 2017-03-26 23:55:16.606556208 +0800 CST 1 0001-01-01 00:00:00 +0000 UTC   2017-03-20 00:00:00 +0800 CST 2017-03-25 23:59:00 +0800 CST 16 石化：亭卫南路800号}
