2017-04-10/23:00:49 [DEBUG] controller/controller.go 151 map[]
2017-04-10/23:00:49 [DEBUG] controller/controller.go 159 map[]
2017-04-10/23:01:23 [DEBUG] controller/controller.go 151 map[]
2017-04-10/23:01:23 [DEBUG] controller/controller.go 159 map[]
2017-04-10/23:02:54 [DEBUG] controller/controller.go 151 []
2017-04-10/23:02:54 [DEBUG] controller/controller.go 153 map[body:[大乐透2.1] trade_no:[2016071921001003030200089909] out_trade_no:[0719141034-6418] gmt_close:[2016-07-19 14:10:46] sign:[kPbQIjX xQc8F0/A6/AocELIjhhZnGbcBN6G4MM/HmfWL4ZiHM6fWl5NQhzXJusaklZ1LFuMo lHQUELAYeugH8LYFvxnNajOvZhuxNFbN2LhF0l/KL8ANtj8oyPM4NN7Qft2kWJTDJUpQOzCzNnV9hDxh5AaT9FPqRS6ZKxnzM=] notify_id:[4a91b7a78a503640467525113fb7d8bg8e] refund_fee:[0.00] sign_type:[RSA2] gmt_payment:[2016-07-19 14:10:47] trade_status:[TRADE_SUCCESS] seller_id:[2088102119685838] charset:[utf-8] version:[1.0] app_id:[2015102700040153] gmt_create:[2016-07-19 14:10:44] total_amount:[2.00] buyer_id:[2088102116773037] notify_time:[2016-07-19 14:10:49] subject:[大乐透2.1] notify_type:[trade_status_sync]]
2017-04-10/23:02:54 [DEBUG] controller/controller.go 160 map[gmt_payment:[2016-07-19 14:10:47] trade_status:[TRADE_SUCCESS] app_id:[2015102700040153] notify_time:[2016-07-19 14:10:49] gmt_close:[2016-07-19 14:10:46] seller_id:[2088102119685838] notify_id:[4a91b7a78a503640467525113fb7d8bg8e] charset:[utf-8] version:[1.0] subject:[大乐透2.1] gmt_create:[2016-07-19 14:10:44] buyer_id:[2088102116773037] body:[大乐透2.1] refund_fee:[0.00] sign_type:[RSA2] out_trade_no:[0719141034-6418] trade_no:[2016071921001003030200089909] notify_type:[trade_status_sync] total_amount:[2.00] sign:[kPbQIjX xQc8F0/A6/AocELIjhhZnGbcBN6G4MM/HmfWL4ZiHM6fWl5NQhzXJusaklZ1LFuMo lHQUELAYeugH8LYFvxnNajOvZhuxNFbN2LhF0l/KL8ANtj8oyPM4NN7Qft2kWJTDJUpQOzCzNnV9hDxh5AaT9FPqRS6ZKxnzM=]]
2017-04-10/23:03:34 [DEBUG] controller/controller.go 152 map[notify_type:[trade_status_sync] seller_id:[2088102119685838] buyer_id:[2088102116773037] body:[大乐透2.1] subject:[大乐透2.1] charset:[utf-8] trade_status:[TRADE_SUCCESS] version:[1.0] gmt_create:[2016-07-19 14:10:44] app_id:[2015102700040153] trade_no:[2016071921001003030200089909] refund_fee:[0.00] notify_time:[2016-07-19 14:10:49] out_trade_no:[0719141034-6418] notify_id:[4a91b7a78a503640467525113fb7d8bg8e] total_amount:[2.00] sign_type:[RSA2] sign:[kPbQIjX xQc8F0/A6/AocELIjhhZnGbcBN6G4MM/HmfWL4ZiHM6fWl5NQhzXJusaklZ1LFuMo lHQUELAYeugH8LYFvxnNajOvZhuxNFbN2LhF0l/KL8ANtj8oyPM4NN7Qft2kWJTDJUpQOzCzNnV9hDxh5AaT9FPqRS6ZKxnzM=] gmt_close:[2016-07-19 14:10:46] gmt_payment:[2016-07-19 14:10:47]]
2017-04-10/23:03:34 [DEBUG] controller/controller.go 159 map[sign:[kPbQIjX xQc8F0/A6/AocELIjhhZnGbcBN6G4MM/HmfWL4ZiHM6fWl5NQhzXJusaklZ1LFuMo lHQUELAYeugH8LYFvxnNajOvZhuxNFbN2LhF0l/KL8ANtj8oyPM4NN7Qft2kWJTDJUpQOzCzNnV9hDxh5AaT9FPqRS6ZKxnzM=] gmt_payment:[2016-07-19 14:10:47] trade_status:[TRADE_SUCCESS] version:[1.0] gmt_close:[2016-07-19 14:10:46] notify_type:[trade_status_sync] seller_id:[2088102119685838] body:[大乐透2.1] gmt_create:[2016-07-19 14:10:44] notify_time:[2016-07-19 14:10:49] notify_id:[4a91b7a78a503640467525113fb7d8bg8e] trade_no:[2016071921001003030200089909] refund_fee:[0.00] total_amount:[2.00] sign_type:[RSA2] charset:[utf-8] buyer_id:[2088102116773037] out_trade_no:[0719141034-6418] app_id:[2015102700040153] subject:[大乐透2.1]]
2017-04-10/23:06:47 [DEBUG] controller/controller.go 152 20 map[subject:[大乐透2.1] sign_type:[RSA2] out_trade_no:[0719141034-6418] gmt_create:[2016-07-19 14:10:44] seller_id:[2088102119685838] refund_fee:[0.00] charset:[utf-8] notify_id:[4a91b7a78a503640467525113fb7d8bg8e] body:[大乐透2.1] notify_type:[trade_status_sync] gmt_payment:[2016-07-19 14:10:47] trade_status:[TRADE_SUCCESS] sign:[kPbQIjX xQc8F0/A6/AocELIjhhZnGbcBN6G4MM/HmfWL4ZiHM6fWl5NQhzXJusaklZ1LFuMo lHQUELAYeugH8LYFvxnNajOvZhuxNFbN2LhF0l/KL8ANtj8oyPM4NN7Qft2kWJTDJUpQOzCzNnV9hDxh5AaT9FPqRS6ZKxnzM=] version:[1.0] app_id:[2015102700040153] total_amount:[2.00] buyer_id:[2088102116773037] trade_no:[2016071921001003030200089909] notify_time:[2016-07-19 14:10:49] gmt_close:[2016-07-19 14:10:46]]
2017-04-10/23:06:47 [DEBUG] controller/controller.go 159 20 map[body:[大乐透2.1] gmt_payment:[2016-07-19 14:10:47] sign:[kPbQIjX xQc8F0/A6/AocELIjhhZnGbcBN6G4MM/HmfWL4ZiHM6fWl5NQhzXJusaklZ1LFuMo lHQUELAYeugH8LYFvxnNajOvZhuxNFbN2LhF0l/KL8ANtj8oyPM4NN7Qft2kWJTDJUpQOzCzNnV9hDxh5AaT9FPqRS6ZKxnzM=] charset:[utf-8] notify_time:[2016-07-19 14:10:49] version:[1.0] buyer_id:[2088102116773037] gmt_create:[2016-07-19 14:10:44] seller_id:[2088102119685838] refund_fee:[0.00] trade_status:[TRADE_SUCCESS] app_id:[2015102700040153] out_trade_no:[0719141034-6418] subject:[大乐透2.1] notify_type:[trade_status_sync] trade_no:[2016071921001003030200089909] gmt_close:[2016-07-19 14:10:46] total_amount:[2.00] sign_type:[RSA2] notify_id:[4a91b7a78a503640467525113fb7d8bg8e]]
2017-04-10/23:09:22 [DEBUG] controller/controller.go 152 20 map[trade_no:[2016071921001003030200089909] notify_time:[2016-07-19 14:10:49] subject:[大乐透2.1] gmt_close:[2016-07-19 14:10:46] trade_status:[TRADE_SUCCESS] sign:[kPbQIjX xQc8F0/A6/AocELIjhhZnGbcBN6G4MM/HmfWL4ZiHM6fWl5NQhzXJusaklZ1LFuMo lHQUELAYeugH8LYFvxnNajOvZhuxNFbN2LhF0l/KL8ANtj8oyPM4NN7Qft2kWJTDJUpQOzCzNnV9hDxh5AaT9FPqRS6ZKxnzM=] body:[大乐透2.1] notify_type:[trade_status_sync] out_trade_no:[0719141034-6418] version:[1.0] sign_type:[RSA2] buyer_id:[2088102116773037] charset:[utf-8] app_id:[2015102700040153] seller_id:[2088102119685838] total_amount:[2.00] gmt_payment:[2016-07-19 14:10:47] gmt_create:[2016-07-19 14:10:44] notify_id:[4a91b7a78a503640467525113fb7d8bg8e] refund_fee:[0.00]]
2017-04-10/23:09:22 [DEBUG] controller/controller.go 156 key: total_amount
2017-04-10/23:09:22 [DEBUG] controller/controller.go 156 key: buyer_id
2017-04-10/23:09:22 [DEBUG] controller/controller.go 156 key: charset
2017-04-10/23:09:22 [DEBUG] controller/controller.go 156 key: app_id
2017-04-10/23:09:22 [DEBUG] controller/controller.go 156 key: seller_id
2017-04-10/23:09:22 [DEBUG] controller/controller.go 156 key: refund_fee
2017-04-10/23:09:22 [DEBUG] controller/controller.go 156 key: gmt_payment
2017-04-10/23:09:22 [DEBUG] controller/controller.go 156 key: gmt_create
2017-04-10/23:09:22 [DEBUG] controller/controller.go 156 key: notify_id
2017-04-10/23:09:22 [DEBUG] controller/controller.go 156 key: body
2017-04-10/23:09:22 [DEBUG] controller/controller.go 156 key: trade_no
2017-04-10/23:09:22 [DEBUG] controller/controller.go 156 key: notify_time
2017-04-10/23:09:22 [DEBUG] controller/controller.go 156 key: subject
2017-04-10/23:09:22 [DEBUG] controller/controller.go 156 key: gmt_close
2017-04-10/23:09:22 [DEBUG] controller/controller.go 156 key: trade_status
2017-04-10/23:09:22 [DEBUG] controller/controller.go 156 key: sign
2017-04-10/23:09:22 [DEBUG] controller/controller.go 156 key: sign_type
2017-04-10/23:09:22 [DEBUG] controller/controller.go 156 key: notify_type
2017-04-10/23:09:22 [DEBUG] controller/controller.go 156 key: out_trade_no
2017-04-10/23:09:22 [DEBUG] controller/controller.go 156 key: version
2017-04-10/23:09:22 [DEBUG] controller/controller.go 160 20 map[trade_status:[TRADE_SUCCESS] out_trade_no:[0719141034-6418] gmt_close:[2016-07-19 14:10:46] charset:[utf-8] notify_id:[4a91b7a78a503640467525113fb7d8bg8e] body:[大乐透2.1] trade_no:[2016071921001003030200089909] version:[1.0] buyer_id:[2088102116773037] refund_fee:[0.00] gmt_payment:[2016-07-19 14:10:47] gmt_create:[2016-07-19 14:10:44] subject:[大乐透2.1] notify_type:[trade_status_sync] seller_id:[2088102119685838] app_id:[2015102700040153] notify_time:[2016-07-19 14:10:49] sign:[kPbQIjX xQc8F0/A6/AocELIjhhZnGbcBN6G4MM/HmfWL4ZiHM6fWl5NQhzXJusaklZ1LFuMo lHQUELAYeugH8LYFvxnNajOvZhuxNFbN2LhF0l/KL8ANtj8oyPM4NN7Qft2kWJTDJUpQOzCzNnV9hDxh5AaT9FPqRS6ZKxnzM=] sign_type:[RSA2] total_amount:[2.00]]
2017-04-10/23:10:26 [DEBUG] controller/controller.go 152 20 map[version:[1.0] gmt_create:[2016-07-19 14:10:44] body:[大乐透2.1] sign_type:[RSA2] charset:[utf-8] notify_type:[trade_status_sync] trade_status:[TRADE_SUCCESS] total_amount:[2.00] out_trade_no:[0719141034-6418] gmt_close:[2016-07-19 14:10:46] gmt_payment:[2016-07-19 14:10:47] sign:[kPbQIjX xQc8F0/A6/AocELIjhhZnGbcBN6G4MM/HmfWL4ZiHM6fWl5NQhzXJusaklZ1LFuMo lHQUELAYeugH8LYFvxnNajOvZhuxNFbN2LhF0l/KL8ANtj8oyPM4NN7Qft2kWJTDJUpQOzCzNnV9hDxh5AaT9FPqRS6ZKxnzM=] app_id:[2015102700040153] seller_id:[2088102119685838] notify_id:[4a91b7a78a503640467525113fb7d8bg8e] buyer_id:[2088102116773037] trade_no:[2016071921001003030200089909] refund_fee:[0.00] notify_time:[2016-07-19 14:10:49] subject:[大乐透2.1]]
2017-04-10/23:10:26 [DEBUG] controller/controller.go 156 key: gmt_payment
2017-04-10/23:10:26 [DEBUG] controller/controller.go 156 key: seller_id
2017-04-10/23:10:26 [DEBUG] controller/controller.go 156 key: notify_id
2017-04-10/23:10:26 [DEBUG] controller/controller.go 156 key: buyer_id
2017-04-10/23:10:26 [DEBUG] controller/controller.go 156 key: trade_no
2017-04-10/23:10:26 [DEBUG] controller/controller.go 156 key: refund_fee
2017-04-10/23:10:26 [DEBUG] controller/controller.go 156 key: notify_time
2017-04-10/23:10:26 [DEBUG] controller/controller.go 156 key: subject
2017-04-10/23:10:26 [DEBUG] controller/controller.go 156 key: app_id
2017-04-10/23:10:26 [DEBUG] controller/controller.go 156 key: gmt_create
2017-04-10/23:10:26 [DEBUG] controller/controller.go 156 key: body
2017-04-10/23:10:26 [DEBUG] controller/controller.go 156 key: charset
2017-04-10/23:10:26 [DEBUG] controller/controller.go 156 key: notify_type
2017-04-10/23:10:26 [DEBUG] controller/controller.go 156 key: trade_status
2017-04-10/23:10:26 [DEBUG] controller/controller.go 156 key: version
2017-04-10/23:10:26 [DEBUG] controller/controller.go 156 key: total_amount
2017-04-10/23:10:26 [DEBUG] controller/controller.go 156 key: out_trade_no
2017-04-10/23:10:26 [DEBUG] controller/controller.go 156 key: gmt_close
2017-04-10/23:10:26 [DEBUG] controller/controller.go 160 18 map[body:[大乐透2.1] charset:[utf-8] gmt_payment:[2016-07-19 14:10:47] notify_id:[4a91b7a78a503640467525113fb7d8bg8e] buyer_id:[2088102116773037] gmt_create:[2016-07-19 14:10:44] seller_id:[2088102119685838] trade_no:[2016071921001003030200089909] subject:[大乐透2.1] version:[1.0] out_trade_no:[0719141034-6418] gmt_close:[2016-07-19 14:10:46] refund_fee:[0.00] notify_time:[2016-07-19 14:10:49] notify_type:[trade_status_sync] trade_status:[TRADE_SUCCESS] app_id:[2015102700040153] total_amount:[2.00]]
2017-04-10/23:12:49 [DEBUG] controller/controller.go 156 key: app_id
2017-04-10/23:12:49 [DEBUG] controller/controller.go 156 key: charset
2017-04-10/23:12:49 [DEBUG] controller/controller.go 156 key: version
2017-04-10/23:12:49 [DEBUG] controller/controller.go 156 key: notify_time
2017-04-10/23:12:49 [DEBUG] controller/controller.go 156 key: subject
2017-04-10/23:12:49 [DEBUG] controller/controller.go 156 key: gmt_close
2017-04-10/23:12:49 [DEBUG] controller/controller.go 156 key: gmt_payment
2017-04-10/23:12:49 [DEBUG] controller/controller.go 156 key: gmt_create
2017-04-10/23:12:49 [DEBUG] controller/controller.go 156 key: trade_no
2017-04-10/23:12:49 [DEBUG] controller/controller.go 156 key: refund_fee
2017-04-10/23:12:49 [DEBUG] controller/controller.go 156 key: notify_id
2017-04-10/23:12:49 [DEBUG] controller/controller.go 156 key: notify_type
2017-04-10/23:12:49 [DEBUG] controller/controller.go 156 key: out_trade_no
2017-04-10/23:12:49 [DEBUG] controller/controller.go 156 key: body
2017-04-10/23:12:49 [DEBUG] controller/controller.go 156 key: trade_status
2017-04-10/23:12:49 [DEBUG] controller/controller.go 156 key: seller_id
2017-04-10/23:12:49 [DEBUG] controller/controller.go 156 key: total_amount
2017-04-10/23:12:49 [DEBUG] controller/controller.go 156 key: buyer_id
2017-04-10/23:12:53 [DEBUG] controller/controller.go 156 key: buyer_id   value: [2088102116773037]
2017-04-10/23:12:53 [DEBUG] controller/controller.go 156 key: body   value: [大乐透2.1]
2017-04-10/23:12:53 [DEBUG] controller/controller.go 156 key: trade_no   value: [2016071921001003030200089909]
2017-04-10/23:12:53 [DEBUG] controller/controller.go 156 key: notify_time   value: [2016-07-19 14:10:49]
2017-04-10/23:12:53 [DEBUG] controller/controller.go 156 key: trade_status   value: [TRADE_SUCCESS]
2017-04-10/23:12:53 [DEBUG] controller/controller.go 156 key: gmt_create   value: [2016-07-19 14:10:44]
2017-04-10/23:12:53 [DEBUG] controller/controller.go 156 key: seller_id   value: [2088102119685838]
2017-04-10/23:12:53 [DEBUG] controller/controller.go 156 key: total_amount   value: [2.00]
2017-04-10/23:12:53 [DEBUG] controller/controller.go 156 key: subject   value: [大乐透2.1]
2017-04-10/23:12:53 [DEBUG] controller/controller.go 156 key: charset   value: [utf-8]
2017-04-10/23:12:53 [DEBUG] controller/controller.go 156 key: out_trade_no   value: [0719141034-6418]
2017-04-10/23:12:53 [DEBUG] controller/controller.go 156 key: version   value: [1.0]
2017-04-10/23:12:53 [DEBUG] controller/controller.go 156 key: refund_fee   value: [0.00]
2017-04-10/23:12:53 [DEBUG] controller/controller.go 156 key: notify_type   value: [trade_status_sync]
2017-04-10/23:12:53 [DEBUG] controller/controller.go 156 key: gmt_close   value: [2016-07-19 14:10:46]
2017-04-10/23:12:53 [DEBUG] controller/controller.go 156 key: gmt_payment   value: [2016-07-19 14:10:47]
2017-04-10/23:12:53 [DEBUG] controller/controller.go 156 key: app_id   value: [2015102700040153]
2017-04-10/23:12:53 [DEBUG] controller/controller.go 156 key: notify_id   value: [4a91b7a78a503640467525113fb7d8bg8e]
