2017-03-13/12:35:42 [DBG] {0 0    0001-01-01 00:00:00 +0000 UTC 0001-01-01 00:00:00 +0000 UTC }
2017-03-13/12:35:42 [DBG] http://gw.api.taobao.com/router/rest?1app_key=23667852&format=json&method=&rec_num=&sign=87CEBE524BA5DE36167A5C842E4F41EC&sign_method=md5&sms_free_sign_name=%E9%87%91%E5%B1%B1%E6%88%B7%E5%A4%96%E7%BD%91&sms_param=%7B%7D&sms_template_code=SMS_53735171&sms_type=normal&timestamp=2017-03-13+12%3A35%3A42&v=2.0
2017-03-13/12:42:37 [DBG] mobile: 
2017-03-13/12:42:37 [DBG] smstype: 
2017-03-13/12:43:02 [DBG] mobile: 13761764141
2017-03-13/12:43:02 [DBG] smstype: 
2017-03-13/12:43:18 [DBG] mobile: 13761764141
2017-03-13/12:43:18 [DBG] smstype: 
2017-03-13/12:43:32 [DBG] mobile: 13761764141
2017-03-13/12:43:32 [DBG] smstype: 1
2017-03-13/12:43:32 [DBG] {0 0  FillOrder  0001-01-01 00:00:00 +0000 UTC 0001-01-01 00:00:00 +0000 UTC 13761764141}
2017-03-13/12:43:32 [DBG] http://gw.api.taobao.com/router/rest?1app_key=23667852&format=json&method=&rec_num=13761764141&sign=6DDCDD137F5111810C7EB0B886BFC6FD&sign_method=md5&sms_free_sign_name=%E9%87%91%E5%B1%B1%E6%88%B7%E5%A4%96%E7%BD%91&sms_param=%7B%22code%22%3A%22797321%22%2C%22valid%22%3A%22%22%7D&sms_template_code=SMS_53735171&sms_type=normal&timestamp=2017-03-13+12%3A43%3A32&v=2.0
2017-03-13/12:46:03 [DBG] mobile: 13761764141
2017-03-13/12:46:03 [DBG] smstype: 1
2017-03-13/12:46:03 [DBG] {0 0  FillOrder  0001-01-01 00:00:00 +0000 UTC 0001-01-01 00:00:00 +0000 UTC 13761764141}
2017-03-13/12:46:03 [DBG] http://gw.api.taobao.com/router/rest?1app_key=23667852&format=json&method=&rec_num=13761764141&sign=BD2BA873EDB342C3A38620D158C14F76&sign_method=md5&sms_free_sign_name=%E9%87%91%E5%B1%B1%E6%88%B7%E5%A4%96%E7%BD%91&sms_param=%7B%22code%22%3A%22573512%22%2C%22valid%22%3A%22%22%7D&sms_template_code=SMS_53735171&sms_type=normal&timestamp=2017-03-13+12%3A46%3A03&v=2.0
2017-03-13/12:46:04 [DBG] suc: falseresp: {"error_response":{"code":21,"msg":"Missing method","request_id":"zqcf0gnz8b29"}}err: <nil>
2017-03-13/12:47:33 [DBG] mobile: 13761764141
2017-03-13/12:47:33 [DBG] smstype: 1
2017-03-13/12:47:33 [DBG] {0 0  FillOrder  0001-01-01 00:00:00 +0000 UTC 0001-01-01 00:00:00 +0000 UTC 13761764141}
2017-03-13/12:47:33 [DBG] http://gw.api.taobao.com/router/rest?1app_key=23667852&format=json&method=&rec_num=13761764141&sign=727D640CD4AAA475E03B8D569D0EE1B7&sign_method=md5&sms_free_sign_name=%E9%87%91%E5%B1%B1%E6%88%B7%E5%A4%96%E7%BD%91&sms_param=%7B%22code%22%3A%22166015%22%2C%22valid%22%3A%22%22%7D&sms_template_code=SMS_53735171&sms_type=normal&timestamp=2017-03-13+12%3A47%3A33&v=2.0
2017-03-13/12:47:33 [DBG] suc: falseresp: {"error_response":{"code":21,"msg":"Missing method","request_id":"iv0pmuz2k7yl"}}err: <nil>
2017-03-13/12:48:35 [DBG] mobile: 13761764141
2017-03-13/12:48:35 [DBG] smstype: 1
2017-03-13/12:48:35 [DBG] {0 0  FillOrder  0001-01-01 00:00:00 +0000 UTC 0001-01-01 00:00:00 +0000 UTC 13761764141}
2017-03-13/12:48:35 [DBG] http://gw.api.taobao.com/router/rest?1app_key=23667852&format=json&method=alibaba.aliqin.fc.sms.num.send&rec_num=13761764141&sign=D45DEAB5CB9CA66A6B4702D12DB2EFE3&sign_method=md5&sms_free_sign_name=%E9%87%91%E5%B1%B1%E6%88%B7%E5%A4%96%E7%BD%91&sms_param=%7B%22code%22%3A%22959110%22%2C%22valid%22%3A%22%22%7D&sms_template_code=SMS_53735171&sms_type=normal&timestamp=2017-03-13+12%3A48%3A35&v=2.0
2017-03-13/12:48:35 [DBG] suc: falseresp: {"error_response":{"code":28,"msg":"Missing app key","request_id":"10u233b39h49f"}}err: <nil>
2017-03-13/12:50:11 [DBG] mobile: 13761764141
2017-03-13/12:50:11 [DBG] smstype: 1
2017-03-13/12:50:11 [DBG] {0 0  FillOrder  0001-01-01 00:00:00 +0000 UTC 0001-01-01 00:00:00 +0000 UTC 13761764141}
2017-03-13/12:50:11 [DBG] http://gw.api.taobao.com/router/rest?app_key=23667852&format=json&method=alibaba.aliqin.fc.sms.num.send&rec_num=13761764141&sign=4424632D1FAA9422F89D2EFBD78D5475&sign_method=md5&sms_free_sign_name=%E9%87%91%E5%B1%B1%E6%88%B7%E5%A4%96%E7%BD%91&sms_param=%7B%22code%22%3A%22382966%22%2C%22valid%22%3A%22%22%7D&sms_template_code=SMS_53735171&sms_type=normal&timestamp=2017-03-13+12%3A50%3A11&v=2.0
2017-03-13/12:50:12 [DBG] suc: trueresp: {"alibaba_aliqin_fc_sms_num_send_response":{"result":{"err_code":"0","model":"106366902606^1108649709217","success":true},"request_id":"rxndvn5t4u1u"}}err: <nil>
2017-03-13/19:22:42 [DBG] mobile: 13761764141
2017-03-13/19:22:42 [DBG] smstype: 1
2017-03-13/19:22:42 [DBG] {0 0  FillOrder  0001-01-01 00:00:00 +0000 UTC 0001-01-01 00:00:00 +0000 UTC 13761764141}
2017-03-13/19:22:43 [DBG] insert: 0
2017-03-13/19:28:34 [DBG] controller.go /home/bruce/vagrant/gowork/src/local/jshw/controller/controller.go controller/controller.go mobile: 13761764141
2017-03-13/19:28:34 [DBG] controller.go /home/bruce/vagrant/gowork/src/local/jshw/controller/controller.go controller/controller.go smstype: 1
2017-03-13/19:28:34 [DBG] controller.go /home/bruce/vagrant/gowork/src/local/jshw/controller/controller.go controller/controller.go {0 0  FillOrder  0001-01-01 00:00:00 +0000 UTC 0001-01-01 00:00:00 +0000 UTC 13761764141}
2017-03-13/19:28:34 [DBG] userLogic.go /home/bruce/vagrant/gowork/src/local/jshw/logic/userLogic.go logic/userLogic.go insert: 0
2017-03-13/19:30:27 [DBG] controller/controller.go 48 mobile: 13761764141
2017-03-13/19:30:27 [DBG] controller/controller.go 49 smstype: 1
2017-03-13/19:30:27 [DBG] controller/controller.go 68 {0 0  FillOrder  0001-01-01 00:00:00 +0000 UTC 0001-01-01 00:00:00 +0000 UTC 13761764141}
2017-03-13/19:30:27 [DBG] logic/userLogic.go 60 insert: 0
2017-03-13/19:31:03 [DEBUG] controller/controller.go 48 mobile: 13761764141
2017-03-13/19:31:03 [DEBUG] controller/controller.go 49 smstype: 1
2017-03-13/19:31:03 [DEBUG] controller/controller.go 89 {0 0  FillOrder 653810 2017-03-13 19:51:03.260427934 +0800 CST 2017-03-13 19:31:03.260427868 +0800 CST 13761764141}
2017-03-13/19:31:03 [DEBUG] logic/userLogic.go 60 insert: 0
2017-03-13/19:32:01 [DEBUG] controller/controller.go 48 mobile: 13761764141
2017-03-13/19:32:01 [DEBUG] controller/controller.go 49 smstype: 1
2017-03-13/19:32:01 [DEBUG] controller/controller.go 89 {0 0  FillOrder 782792 2017-03-13 19:52:01.799648325 +0800 CST 2017-03-13 19:32:01.799648231 +0800 CST 13761764141}
2017-03-13/19:32:01 [DEBUG] logic/userLogic.go 60 insert: 0
2017-03-13/19:35:59 [DEBUG] controller/controller.go 48 mobile: 13761764141
2017-03-13/19:35:59 [DEBUG] controller/controller.go 49 smstype: 1
2017-03-13/19:35:59 [DEBUG] controller/controller.go 89 {0 0  FillOrder 115543 2017-03-13 19:55:59.772424332 +0800 CST 2017-03-13 19:35:59.772424193 +0800 CST 13761764141}
2017-03-13/19:36:00 [DEBUG] logic/userLogic.go 60 insert: 0
2017-03-13/19:36:45 [DEBUG] controller/controller.go 48 mobile: 13761764141
2017-03-13/19:36:45 [DEBUG] controller/controller.go 49 smstype: 1
2017-03-13/19:36:45 [DEBUG] controller/controller.go 89 {0 0  FillOrder 976212 2017-03-13 19:56:45.910278014 +0800 CST 2017-03-13 19:36:45.910277911 +0800 CST 13761764141}
2017-03-13/19:36:46 [DEBUG] logic/userLogic.go 60 insert: 0
2017-03-13/19:37:59 [DEBUG] controller/controller.go 48 mobile: 13761764141
2017-03-13/19:37:59 [DEBUG] controller/controller.go 49 smstype: 1
2017-03-13/19:37:59 [DEBUG] controller/controller.go 89 {0   FillOrder 480979 2017-03-13 19:57:59.20441941 +0800 CST 2017-03-13 19:37:59.20441927 +0800 CST 13761764141}
2017-03-13/19:37:59 [DEBUG] logic/userLogic.go 60 insert: 0
2017-03-13/19:38:46 [DEBUG] controller/controller.go 48 mobile: 13761764141
2017-03-13/19:38:46 [DEBUG] controller/controller.go 49 smstype: 1
2017-03-13/19:38:46 [DEBUG] controller/controller.go 89 {0 0  FillOrder 736191 2017-03-13 19:58:46.645146685 +0800 CST 2017-03-13 19:38:46.645146637 +0800 CST 13761764141}
2017-03-13/19:38:46 [DEBUG] logic/userLogic.go 60 insert: 0
2017-03-13/19:40:25 [DEBUG] controller/controller.go 48 mobile: 13761764141
2017-03-13/19:40:25 [DEBUG] controller/controller.go 49 smstype: 1
2017-03-13/19:40:25 [DEBUG] controller/controller.go 89 {0 0  FillOrder 682014 2017-03-13 20:00:25.759236816 +0800 CST 2017-03-13 19:40:25.759236711 +0800 CST 13761764141}
2017-03-13/19:40:25 [DEBUG] logic/userLogic.go 60 insert: 1
2017-03-13/19:42:33 [DEBUG] controller/controller.go 48 mobile: 13761764141
2017-03-13/19:42:33 [DEBUG] controller/controller.go 49 smstype: 1
2017-03-13/19:42:33 [DEBUG] util/commutil.go 174 http://gw.api.taobao.com/router/rest?app_key=23667852&format=json&method=alibaba.aliqin.fc.sms.num.send&rec_num=13761764141&sign=D0F4CEEB336F8196BF5243ACD036E8F6&sign_method=md5&sms_free_sign_name=%E9%87%91%E5%B1%B1%E6%88%B7%E5%A4%96%E7%BD%91&sms_param=%7B%22code%22%3A%22687242%22%2C%22valid%22%3A%22%22%7D&sms_template_code=SMS_53735171&sms_type=normal&timestamp=2017-03-13+19%3A42%3A33&v=2.0
2017-03-13/19:42:34 [DEBUG] controller/controller.go 113 suc: trueresp: {"alibaba_aliqin_fc_sms_num_send_response":{"result":{"err_code":"0","model":"106375557858^1108659627859","success":true},"request_id":"el07j9jc4e6f"}}err: <nil>
2017-03-13/19:42:34 [DEBUG] logic/userLogic.go 60 insert: 1
2017-03-13/19:44:48 [DEBUG] controller/controller.go 48 mobile: 13761764141
2017-03-13/19:44:48 [DEBUG] controller/controller.go 49 smstype: 1
2017-03-13/19:45:37 [DEBUG] controller/controller.go 48 mobile: 13761764141
2017-03-13/19:45:37 [DEBUG] controller/controller.go 49 smstype: 1
2017-03-13/19:45:37 [DEBUG] controller/controller.go 76 uc{0 0  FillOrder  0001-01-01 00:00:00 +0000 UTC 0001-01-01 00:00:00 +0000 UTC 13761764141}
2017-03-13/19:46:20 [DEBUG] controller/controller.go 48 mobile: 13761764141
2017-03-13/19:46:20 [DEBUG] controller/controller.go 49 smstype: 1
2017-03-13/19:55:39 [DEBUG] controller/controller.go 48 mobile: 13761764141
2017-03-13/19:55:39 [DEBUG] controller/controller.go 49 smstype: 1
2017-03-13/19:55:40 [DEBUG] controller/controller.go 80 uc{7322 0  FillOrder 687242 2017-03-13 20:02:34 +0800 CST 2017-03-13 19:42:34 +0800 CST 13761764141}
2017-03-13/19:55:40 [DEBUG] controller/controller.go 82 usercode is not null
2017-03-13/19:55:40 [DEBUG] controller/controller.go 84 time: -6.899717682466667
2017-03-13/19:55:40 [DEBUG] controller/controller.go 85 expired: 20
2017-03-13/19:56:34 [DEBUG] controller/controller.go 48 mobile: 13761764141
2017-03-13/19:56:34 [DEBUG] controller/controller.go 49 smstype: 1
2017-03-13/19:56:34 [DEBUG] controller/controller.go 80 uc{7322 0  FillOrder 687242 2017-03-13 19:02:34 +0800 CST 2017-03-13 19:42:34 +0800 CST 13761764141}
2017-03-13/19:56:34 [DEBUG] controller/controller.go 82 usercode is not null
2017-03-13/19:59:33 [DEBUG] controller/controller.go 48 mobile: 13761764141
2017-03-13/19:59:33 [DEBUG] controller/controller.go 49 smstype: 1
2017-03-13/19:59:33 [DEBUG] controller/controller.go 80 uc{7322 0  FillOrder 687242 2017-03-13 19:02:34 +0800 CST 2017-03-13 19:42:34 +0800 CST 13761764141}
2017-03-13/19:59:33 [DEBUG] controller/controller.go 82 usercode is not null
2017-03-13/20:00:39 [DEBUG] controller/controller.go 48 mobile: 13761764141
2017-03-13/20:00:39 [DEBUG] controller/controller.go 49 smstype: 1
2017-03-13/20:00:39 [DEBUG] controller/controller.go 80 uc{7322 0  FillOrder 687242 2017-03-13 19:02:34 +0800 CST 2017-03-13 19:42:34 +0800 CST 13761764141}
2017-03-13/20:00:39 [DEBUG] util/commutil.go 174 http://gw.api.taobao.com/router/rest?app_key=23667852&format=json&method=alibaba.aliqin.fc.sms.num.send&rec_num=13761764141&sign=E958680A4F8330D3BB1FE22F2FB65C4A&sign_method=md5&sms_free_sign_name=%E9%87%91%E5%B1%B1%E6%88%B7%E5%A4%96%E7%BD%91&sms_param=%7B%22code%22%3A%22442280%22%2C%22valid%22%3A%22%22%7D&sms_template_code=SMS_53735171&sms_type=normal&timestamp=2017-03-13+20%3A00%3A39&v=2.0
2017-03-13/20:00:39 [DEBUG] controller/controller.go 120 suc: trueresp: {"alibaba_aliqin_fc_sms_num_send_response":{"result":{"err_code":"0","model":"106375941706^1108660303134","success":true},"request_id":"10ewvkqqac259"}}err: <nil>
2017-03-13/20:07:51 [DEBUG] controller/controller.go 48 mobile: 13761764141
2017-03-13/20:07:51 [DEBUG] controller/controller.go 49 smstype: 1
2017-03-13/20:07:51 [DEBUG] controller/controller.go 80 uc{7322 0  FillOrder 687242 2017-03-13 19:02:34 +0800 CST 2017-03-13 19:42:34 +0800 CST 13761764141}
2017-03-13/20:07:51 [DEBUG] util/commutil.go 174 http://gw.api.taobao.com/router/rest?app_key=23667852&format=json&method=alibaba.aliqin.fc.sms.num.send&rec_num=13761764141&sign=758A24ADC5122DF8B30534BCFD612737&sign_method=md5&sms_free_sign_name=%E9%87%91%E5%B1%B1%E6%88%B7%E5%A4%96%E7%BD%91&sms_param=%7B%22code%22%3A%22146208%22%2C%22valid%22%3A%22%22%7D&sms_template_code=SMS_53735171&sms_type=normal&timestamp=2017-03-13+20%3A07%3A51&v=2.0
2017-03-13/20:07:51 [DEBUG] controller/controller.go 120 suc: trueresp: {"alibaba_aliqin_fc_sms_num_send_response":{"result":{"err_code":"0","model":"106376091691^1108660835714","success":true},"request_id":"rxnk4h93s99s"}}err: <nil>
2017-03-13/20:07:58 [DEBUG] controller/controller.go 48 mobile: 13761764141
2017-03-13/20:07:58 [DEBUG] controller/controller.go 49 smstype: 1
2017-03-13/20:07:58 [DEBUG] controller/controller.go 80 uc{7323 0  FillOrder 146208 2017-03-13 20:27:51 +0800 CST 2017-03-13 20:07:51 +0800 CST 13761764141}
2017-03-13/20:07:58 [DEBUG] controller/controller.go 83 time: -19.873989405433335
2017-03-13/20:07:58 [DEBUG] controller/controller.go 84 expired: 20
2017-03-13/20:10:09 [DEBUG] controller/controller.go 48 mobile: 13761764141
2017-03-13/20:10:09 [DEBUG] controller/controller.go 49 smstype: 1
2017-03-13/20:10:09 [DEBUG] controller/controller.go 80 uc{7323 0  FillOrder 146208 2017-03-13 20:27:51 +0800 CST 2017-03-13 20:07:51 +0800 CST 13761764141}
2017-03-13/20:10:09 [DEBUG] controller/controller.go 83 time: -17.68625007145
2017-03-13/20:10:09 [DEBUG] controller/controller.go 84 expired: 20
2017-03-13/20:10:31 [DEBUG] controller/controller.go 48 mobile: 13761764141
2017-03-13/20:10:31 [DEBUG] controller/controller.go 49 smstype: 1
2017-03-13/20:10:31 [DEBUG] controller/controller.go 80 uc{7322 0  FillOrder 687242 2017-03-13 19:02:34 +0800 CST 2017-03-13 19:42:34 +0800 CST 13761764141}
2017-03-13/20:10:31 [DEBUG] util/commutil.go 174 http://gw.api.taobao.com/router/rest?app_key=23667852&format=json&method=alibaba.aliqin.fc.sms.num.send&rec_num=13761764141&sign=94562B898A1A5CDDD4BFE77A1242B98C&sign_method=md5&sms_free_sign_name=%E9%87%91%E5%B1%B1%E6%88%B7%E5%A4%96%E7%BD%91&sms_param=%7B%22code%22%3A%22336829%22%2C%22valid%22%3A%2220%22%7D&sms_template_code=SMS_53735171&sms_type=normal&timestamp=2017-03-13+20%3A10%3A31&v=2.0
2017-03-13/20:10:31 [DEBUG] controller/controller.go 120 suc: trueresp: {"alibaba_aliqin_fc_sms_num_send_response":{"result":{"err_code":"0","model":"106376044464^1108660353786","success":true},"request_id":"z28l46btr7nf"}}err: <nil>
