2017-03-14/17:09:28 [ERROR] controller/tourismLineController.go 122 mssql: “line”附近有语法错误。
2017-03-14/18:05:06 [ERROR] controller/tourismLineController.go 122 mssql: “line”附近有语法错误。
2017-03-14/18:05:14 [ERROR] controller/tourismLineController.go 122 needs a pointer to a slice or a map
2017-03-14/18:06:32 [ERROR] logic/tourismLogic.go 66 needs a pointer to a slice or a map
2017-03-14/18:06:32 [ERROR] controller/tourismLineController.go 122 needs a pointer to a slice or a map
2017-03-14/18:07:54 [ERROR] logic/tourismLogic.go 66 mssql: 对象名 'tourism_line' 无效。
2017-03-14/18:07:54 [ERROR] controller/tourismLineController.go 122 mssql: 对象名 'tourism_line' 无效。
2017-03-14/18:09:25 [ERROR] logic/tourismLogic.go 66 slice type
2017-03-14/18:09:25 [ERROR] controller/tourismLineController.go 122 slice type
2017-03-14/18:09:49 [ERROR] logic/tourismLogic.go 66 slice type
2017-03-14/18:09:49 [ERROR] controller/tourismLineController.go 122 slice type
2017-03-14/18:10:57 [ERROR] logic/tourismLogic.go 66 needs a pointer to a slice or a map
2017-03-14/18:10:57 [ERROR] controller/tourismLineController.go 122 needs a pointer to a slice or a map
2017-03-14/18:11:32 [ERROR] logic/tourismLogic.go 66 slice type
2017-03-14/18:11:32 [ERROR] controller/tourismLineController.go 122 slice type
2017-03-14/18:11:48 [ERROR] logic/tourismLogic.go 66 needs a pointer to a slice or a map
2017-03-14/18:11:48 [ERROR] controller/tourismLineController.go 122 needs a pointer to a slice or a map
2017-03-14/18:13:46 [ERROR] logic/tourismLogic.go 66 slice type
2017-03-14/18:13:46 [ERROR] controller/tourismLineController.go 122 slice type
2017-03-14/18:15:02 [ERROR] logic/tourismLogic.go 66 slice type
2017-03-14/18:15:02 [ERROR] controller/tourismLineController.go 122 slice type
2017-03-14/18:15:36 [ERROR] logic/tourismLogic.go 66 slice type
2017-03-14/18:15:36 [ERROR] controller/tourismLineController.go 122 slice type
2017-03-14/18:26:24 [ERROR] logic/tourismLogic.go 65 slice type
2017-03-14/18:26:24 [ERROR] controller/tourismLineController.go 122 slice type
2017-03-14/18:33:16 [ERROR] logic/tourismLogic.go 65 slice type
2017-03-14/18:33:16 [ERROR] controller/tourismLineController.go 122 slice type
2017-03-14/18:35:43 [ERROR] logic/tourismLogic.go 69 sql: converting Exec argument #0's type: unsupported type []string, a slice
2017-03-14/18:35:43 [ERROR] controller/tourismLineController.go 122 sql: converting Exec argument #0's type: unsupported type []string, a slice
2017-03-14/18:36:51 [ERROR] logic/tourismLogic.go 69 sql: converting Exec argument #0's type: unsupported type []string, a slice
2017-03-14/18:36:51 [ERROR] controller/tourismLineController.go 122 sql: converting Exec argument #0's type: unsupported type []string, a slice
2017-03-14/18:38:10 [ERROR] logic/tourismLogic.go 69 <nil>
2017-03-14/18:41:09 [ERROR] logic/tourismLogic.go 69 <nil>
2017-03-14/18:55:34 [ERROR] logic/tourismLogic.go 69 <nil>
2017-03-14/18:56:16 [ERROR] logic/tourismLogic.go 66 read tcp 192.168.1.107:38066->139.196.187.30:1433: i/o timeout
2017-03-14/18:57:30 [ERROR] logic/tourismLogic.go 69 <nil>
2017-03-14/18:58:33 [ERROR] logic/tourismLogic.go 69 <nil>
2017-03-14/18:59:47 [ERROR] logic/tourismLogic.go 69 <nil>
2017-03-14/19:01:09 [ERROR] logic/tourismLogic.go 69 <nil>
2017-03-14/19:01:33 [ERROR] logic/tourismLogic.go 69 <nil>
2017-03-14/19:01:34 [ERROR] logic/tourismLogic.go 69 <nil>
2017-03-14/19:02:57 [ERROR] logic/tourismLogic.go 69 <nil>
2017-03-14/19:02:57 [ERROR] logic/tourismLogic.go 69 <nil>
2017-03-14/19:03:28 [ERROR] logic/tourismLogic.go 69 <nil>
2017-03-14/19:03:29 [ERROR] logic/tourismLogic.go 69 <nil>
2017-03-14/19:04:56 [ERROR] logic/tourismLogic.go 69 <nil>
2017-03-14/19:04:56 [ERROR] logic/tourismLogic.go 69 <nil>
2017-03-14/19:05:29 [ERROR] logic/tourismLogic.go 69 <nil>
2017-03-14/19:05:30 [ERROR] logic/tourismLogic.go 69 <nil>
2017-03-14/19:24:01 [ERROR] logic/tourismLogic.go 69 <nil>
2017-03-14/19:26:43 [ERROR] logic/tourismLogic.go 69 <nil>
2017-03-14/19:27:00 [ERROR] logic/tourismLogic.go 69 <nil>
2017-03-14/19:27:04 [ERROR] logic/tourismLogic.go 69 <nil>
2017-03-14/19:27:44 [ERROR] logic/tourismLogic.go 69 <nil>
2017-03-14/19:31:21 [ERROR] logic/tourismLogic.go 69 <nil>
2017-03-14/19:34:48 [ERROR] logic/tourismLogic.go 69 <nil>
